INFO - 2023-08-20 09:46:38 --> Session: Class initialized using 'CodeIgniter\Session\Handlers\FileHandler' driver.
INFO - 2023-08-20 09:46:48 --> Session: Class initialized using 'CodeIgniter\Session\Handlers\FileHandler' driver.
CRITICAL - 2023-08-20 09:47:06 --> Undefined variable $job
in APPPATH\Views\listofuser\listofuser.php on line 29.
 1 APPPATH\Views\listofuser\listofuser.php(29): CodeIgniter\Debug\Exceptions->errorHandler(2, 'Undefined variable $job', 'C:\\Users\\joshu\\Downloads\\ccs-link\\app\\Views\\listofuser\\listofuser.php', 29)
 2 SYSTEMPATH\View\View.php(224): include('C:\\Users\\joshu\\Downloads\\ccs-link\\app\\Views\\listofuser\\listofuser.php')
 3 SYSTEMPATH\View\View.php(227): CodeIgniter\View\View->CodeIgniter\View\{closure}()
 4 SYSTEMPATH\Common.php(1180): CodeIgniter\View\View->render('listofuser/listofuser', [], true)
 5 APPPATH\Controllers\AdminController\ListofuserController.php(20): view('listofuser/listofuser', [...])
 6 SYSTEMPATH\CodeIgniter.php(932): App\Controllers\AdminController\ListofuserController->index()
 7 SYSTEMPATH\CodeIgniter.php(497): CodeIgniter\CodeIgniter->runController(Object(App\Controllers\AdminController\ListofuserController))
 8 SYSTEMPATH\CodeIgniter.php(366): CodeIgniter\CodeIgniter->handleRequest(null, Object(Config\Cache), false)
 9 FCPATH\index.php(67): CodeIgniter\CodeIgniter->run()
10 SYSTEMPATH\Commands\Server\rewrite.php(47): require_once('C:\\Users\\joshu\\Downloads\\ccs-link\\public\\index.php')
CRITICAL - 2023-08-20 09:47:15 --> Undefined variable $job
in APPPATH\Views\listofuser\listofuser.php on line 56.
 1 APPPATH\Views\listofuser\listofuser.php(56): CodeIgniter\Debug\Exceptions->errorHandler(2, 'Undefined variable $job', 'C:\\Users\\joshu\\Downloads\\ccs-link\\app\\Views\\listofuser\\listofuser.php', 56)
 2 SYSTEMPATH\View\View.php(224): include('C:\\Users\\joshu\\Downloads\\ccs-link\\app\\Views\\listofuser\\listofuser.php')
 3 SYSTEMPATH\View\View.php(227): CodeIgniter\View\View->CodeIgniter\View\{closure}()
 4 SYSTEMPATH\Common.php(1180): CodeIgniter\View\View->render('listofuser/listofuser', [], true)
 5 APPPATH\Controllers\AdminController\ListofuserController.php(20): view('listofuser/listofuser', [...])
 6 SYSTEMPATH\CodeIgniter.php(932): App\Controllers\AdminController\ListofuserController->index()
 7 SYSTEMPATH\CodeIgniter.php(497): CodeIgniter\CodeIgniter->runController(Object(App\Controllers\AdminController\ListofuserController))
 8 SYSTEMPATH\CodeIgniter.php(366): CodeIgniter\CodeIgniter->handleRequest(null, Object(Config\Cache), false)
 9 FCPATH\index.php(67): CodeIgniter\CodeIgniter->run()
10 SYSTEMPATH\Commands\Server\rewrite.php(47): require_once('C:\\Users\\joshu\\Downloads\\ccs-link\\public\\index.php')
CRITICAL - 2023-08-20 09:47:19 --> Undefined variable $job
in APPPATH\Views\listofuser\listofuser.php on line 56.
 1 APPPATH\Views\listofuser\listofuser.php(56): CodeIgniter\Debug\Exceptions->errorHandler(2, 'Undefined variable $job', 'C:\\Users\\joshu\\Downloads\\ccs-link\\app\\Views\\listofuser\\listofuser.php', 56)
 2 SYSTEMPATH\View\View.php(224): include('C:\\Users\\joshu\\Downloads\\ccs-link\\app\\Views\\listofuser\\listofuser.php')
 3 SYSTEMPATH\View\View.php(227): CodeIgniter\View\View->CodeIgniter\View\{closure}()
 4 SYSTEMPATH\Common.php(1180): CodeIgniter\View\View->render('listofuser/listofuser', [], true)
 5 APPPATH\Controllers\AdminController\ListofuserController.php(20): view('listofuser/listofuser', [...])
 6 SYSTEMPATH\CodeIgniter.php(932): App\Controllers\AdminController\ListofuserController->index()
 7 SYSTEMPATH\CodeIgniter.php(497): CodeIgniter\CodeIgniter->runController(Object(App\Controllers\AdminController\ListofuserController))
 8 SYSTEMPATH\CodeIgniter.php(366): CodeIgniter\CodeIgniter->handleRequest(null, Object(Config\Cache), false)
 9 FCPATH\index.php(67): CodeIgniter\CodeIgniter->run()
10 SYSTEMPATH\Commands\Server\rewrite.php(47): require_once('C:\\Users\\joshu\\Downloads\\ccs-link\\public\\index.php')
