CRITICAL - 2023-07-06 13:16:56 --> The namespace delimiter is a backslash (\), not a slash (/). Route handler: "\App\Controllers\Login/Auth::index"
in SYSTEMPATH\Router\Router.php on line 474.
 1 SYSTEMPATH\Router\Router.php(474): CodeIgniter\Router\Exceptions\RouterException::forInvalidControllerName('\\App\\Controllers\\Login/Auth::index')
 2 SYSTEMPATH\Router\Router.php(182): CodeIgniter\Router\Router->checkRoutes('/')
 3 SYSTEMPATH\CodeIgniter.php(813): CodeIgniter\Router\Router->handle('/')
 4 SYSTEMPATH\CodeIgniter.php(447): CodeIgniter\CodeIgniter->tryToRouteIt(Object(CodeIgniter\Router\RouteCollection))
 5 SYSTEMPATH\CodeIgniter.php(366): CodeIgniter\CodeIgniter->handleRequest(null, Object(Config\Cache), false)
 6 FCPATH\index.php(67): CodeIgniter\CodeIgniter->run()
 7 SYSTEMPATH\Commands\Server\rewrite.php(47): require_once('D:\\xampp\\htdocs\\ccs-link\\public\\index.php')
CRITICAL - 2023-07-06 14:08:02 --> Undefined variable $display_error
in APPPATH\Views\loginView\register.php on line 21.
 1 APPPATH\Views\loginView\register.php(21): CodeIgniter\Debug\Exceptions->errorHandler(2, 'Undefined variable $display_error', 'D:\\xampp\\htdocs\\ccs-link\\app\\Views\\loginView\\register.php', 21)
 2 SYSTEMPATH\View\View.php(224): include('D:\\xampp\\htdocs\\ccs-link\\app\\Views\\loginView\\register.php')
 3 SYSTEMPATH\View\View.php(227): CodeIgniter\View\View->CodeIgniter\View\{closure}()
 4 SYSTEMPATH\Common.php(1180): CodeIgniter\View\View->render('loginView/register', [], true)
 5 APPPATH\Controllers\Login\Auth.php(35): view('loginView/register', [...])
 6 SYSTEMPATH\CodeIgniter.php(932): App\Controllers\Login\Auth->saveUser()
 7 SYSTEMPATH\CodeIgniter.php(497): CodeIgniter\CodeIgniter->runController(Object(App\Controllers\Login\Auth))
 8 SYSTEMPATH\CodeIgniter.php(366): CodeIgniter\CodeIgniter->handleRequest(null, Object(Config\Cache), false)
 9 FCPATH\index.php(67): CodeIgniter\CodeIgniter->run()
10 SYSTEMPATH\Commands\Server\rewrite.php(47): require_once('D:\\xampp\\htdocs\\ccs-link\\public\\index.php')
ERROR - 2023-07-06 14:13:02 --> Error connecting to the database: mysqli_sql_exception: Unknown database 'ccs-link' in D:\xampp\htdocs\ccs-link\vendor\codeigniter4\framework\system\Database\MySQLi\Connection.php:173
Stack trace:
#0 D:\xampp\htdocs\ccs-link\vendor\codeigniter4\framework\system\Database\MySQLi\Connection.php(173): mysqli->real_connect('localhost', 'root', Object(SensitiveParameterValue), 'ccs-link', 3306, '', 0)
#1 D:\xampp\htdocs\ccs-link\vendor\codeigniter4\framework\system\Database\BaseConnection.php(391): CodeIgniter\Database\MySQLi\Connection->connect(false)
#2 D:\xampp\htdocs\ccs-link\vendor\codeigniter4\framework\system\Database\BaseConnection.php(574): CodeIgniter\Database\BaseConnection->initialize()
#3 D:\xampp\htdocs\ccs-link\vendor\codeigniter4\framework\system\Database\BaseBuilder.php(1616): CodeIgniter\Database\BaseConnection->query('SELECT 1\nFROM `...', Array, false)
#4 D:\xampp\htdocs\ccs-link\vendor\codeigniter4\framework\system\Validation\StrictRules\Rules.php(206): CodeIgniter\Database\BaseBuilder->get()
#5 D:\xampp\htdocs\ccs-link\vendor\codeigniter4\framework\system\Validation\Validation.php(278): CodeIgniter\Validation\StrictRules\Rules->is_unique('cigiqom', 'username', Array, NULL, 'username')
#6 D:\xampp\htdocs\ccs-link\vendor\codeigniter4\framework\system\Validation\Validation.php(182): CodeIgniter\Validation\Validation->processRules('username', 'username', 'cigiqom', Array, Array)
#7 D:\xampp\htdocs\ccs-link\vendor\codeigniter4\framework\system\Controller.php(140): CodeIgniter\Validation\Validation->run()
#8 D:\xampp\htdocs\ccs-link\app\Controllers\Login\Auth.php(25): CodeIgniter\Controller->validate(Array)
#9 D:\xampp\htdocs\ccs-link\vendor\codeigniter4\framework\system\CodeIgniter.php(932): App\Controllers\Login\Auth->saveUser()
#10 D:\xampp\htdocs\ccs-link\vendor\codeigniter4\framework\system\CodeIgniter.php(497): CodeIgniter\CodeIgniter->runController(Object(App\Controllers\Login\Auth))
#11 D:\xampp\htdocs\ccs-link\vendor\codeigniter4\framework\system\CodeIgniter.php(366): CodeIgniter\CodeIgniter->handleRequest(NULL, Object(Config\Cache), false)
#12 D:\xampp\htdocs\ccs-link\public\index.php(67): CodeIgniter\CodeIgniter->run()
#13 D:\xampp\htdocs\ccs-link\vendor\codeigniter4\framework\system\Commands\Server\rewrite.php(47): require_once('D:\\xampp\\htdocs...')
#14 {main}

Next CodeIgniter\Database\Exceptions\DatabaseException: Unknown database 'ccs-link' in D:\xampp\htdocs\ccs-link\vendor\codeigniter4\framework\system\Database\MySQLi\Connection.php:218
Stack trace:
#0 D:\xampp\htdocs\ccs-link\vendor\codeigniter4\framework\system\Database\BaseConnection.php(391): CodeIgniter\Database\MySQLi\Connection->connect(false)
#1 D:\xampp\htdocs\ccs-link\vendor\codeigniter4\framework\system\Database\BaseConnection.php(574): CodeIgniter\Database\BaseConnection->initialize()
#2 D:\xampp\htdocs\ccs-link\vendor\codeigniter4\framework\system\Database\BaseBuilder.php(1616): CodeIgniter\Database\BaseConnection->query('SELECT 1\nFROM `...', Array, false)
#3 D:\xampp\htdocs\ccs-link\vendor\codeigniter4\framework\system\Validation\StrictRules\Rules.php(206): CodeIgniter\Database\BaseBuilder->get()
#4 D:\xampp\htdocs\ccs-link\vendor\codeigniter4\framework\system\Validation\Validation.php(278): CodeIgniter\Validation\StrictRules\Rules->is_unique('cigiqom', 'username', Array, NULL, 'username')
#5 D:\xampp\htdocs\ccs-link\vendor\codeigniter4\framework\system\Validation\Validation.php(182): CodeIgniter\Validation\Validation->processRules('username', 'username', 'cigiqom', Array, Array)
#6 D:\xampp\htdocs\ccs-link\vendor\codeigniter4\framework\system\Controller.php(140): CodeIgniter\Validation\Validation->run()
#7 D:\xampp\htdocs\ccs-link\app\Controllers\Login\Auth.php(25): CodeIgniter\Controller->validate(Array)
#8 D:\xampp\htdocs\ccs-link\vendor\codeigniter4\framework\system\CodeIgniter.php(932): App\Controllers\Login\Auth->saveUser()
#9 D:\xampp\htdocs\ccs-link\vendor\codeigniter4\framework\system\CodeIgniter.php(497): CodeIgniter\CodeIgniter->runController(Object(App\Controllers\Login\Auth))
#10 D:\xampp\htdocs\ccs-link\vendor\codeigniter4\framework\system\CodeIgniter.php(366): CodeIgniter\CodeIgniter->handleRequest(NULL, Object(Config\Cache), false)
#11 D:\xampp\htdocs\ccs-link\public\index.php(67): CodeIgniter\CodeIgniter->run()
#12 D:\xampp\htdocs\ccs-link\vendor\codeigniter4\framework\system\Commands\Server\rewrite.php(47): require_once('D:\\xampp\\htdocs...')
#13 {main}
CRITICAL - 2023-07-06 14:13:02 --> Unable to connect to the database.
Main connection [MySQLi]: Unknown database 'ccs-link'
in SYSTEMPATH\Database\BaseConnection.php on line 427.
 1 SYSTEMPATH\Database\BaseConnection.php(574): CodeIgniter\Database\BaseConnection->initialize()
 2 SYSTEMPATH\Database\BaseBuilder.php(1616): CodeIgniter\Database\BaseConnection->query('SELECT 1
FROM `user`
WHERE `username` = :username:
 LIMIT 1', [...], false)
 3 SYSTEMPATH\Validation\StrictRules\Rules.php(206): CodeIgniter\Database\BaseBuilder->get()
 4 SYSTEMPATH\Validation\Validation.php(278): CodeIgniter\Validation\StrictRules\Rules->is_unique('cigiqom', 'username', [...], null, 'username')
 5 SYSTEMPATH\Validation\Validation.php(182): CodeIgniter\Validation\Validation->processRules('username', 'username', 'cigiqom', [...], [...])
 6 SYSTEMPATH\Controller.php(140): CodeIgniter\Validation\Validation->run()
 7 APPPATH\Controllers\Login\Auth.php(25): CodeIgniter\Controller->validate([...])
 8 SYSTEMPATH\CodeIgniter.php(932): App\Controllers\Login\Auth->saveUser()
 9 SYSTEMPATH\CodeIgniter.php(497): CodeIgniter\CodeIgniter->runController(Object(App\Controllers\Login\Auth))
10 SYSTEMPATH\CodeIgniter.php(366): CodeIgniter\CodeIgniter->handleRequest(null, Object(Config\Cache), false)
11 FCPATH\index.php(67): CodeIgniter\CodeIgniter->run()
12 SYSTEMPATH\Commands\Server\rewrite.php(47): require_once('D:\\xampp\\htdocs\\ccs-link\\public\\index.php')
ERROR - 2023-07-06 14:14:07 --> Error connecting to the database: mysqli_sql_exception: Unknown database 'ccs-link' in D:\xampp\htdocs\ccs-link\vendor\codeigniter4\framework\system\Database\MySQLi\Connection.php:173
Stack trace:
#0 D:\xampp\htdocs\ccs-link\vendor\codeigniter4\framework\system\Database\MySQLi\Connection.php(173): mysqli->real_connect('localhost', 'root', Object(SensitiveParameterValue), 'ccs-link', 3306, '', 0)
#1 D:\xampp\htdocs\ccs-link\vendor\codeigniter4\framework\system\Database\BaseConnection.php(391): CodeIgniter\Database\MySQLi\Connection->connect(false)
#2 D:\xampp\htdocs\ccs-link\vendor\codeigniter4\framework\system\Database\BaseConnection.php(574): CodeIgniter\Database\BaseConnection->initialize()
#3 D:\xampp\htdocs\ccs-link\vendor\codeigniter4\framework\system\Database\BaseBuilder.php(1616): CodeIgniter\Database\BaseConnection->query('SELECT 1\nFROM `...', Array, false)
#4 D:\xampp\htdocs\ccs-link\vendor\codeigniter4\framework\system\Validation\StrictRules\Rules.php(206): CodeIgniter\Database\BaseBuilder->get()
#5 D:\xampp\htdocs\ccs-link\vendor\codeigniter4\framework\system\Validation\Validation.php(278): CodeIgniter\Validation\StrictRules\Rules->is_unique('cigiqom', 'username', Array, NULL, 'username')
#6 D:\xampp\htdocs\ccs-link\vendor\codeigniter4\framework\system\Validation\Validation.php(182): CodeIgniter\Validation\Validation->processRules('username', 'username', 'cigiqom', Array, Array)
#7 D:\xampp\htdocs\ccs-link\vendor\codeigniter4\framework\system\Controller.php(140): CodeIgniter\Validation\Validation->run()
#8 D:\xampp\htdocs\ccs-link\app\Controllers\Login\Auth.php(25): CodeIgniter\Controller->validate(Array)
#9 D:\xampp\htdocs\ccs-link\vendor\codeigniter4\framework\system\CodeIgniter.php(932): App\Controllers\Login\Auth->saveUser()
#10 D:\xampp\htdocs\ccs-link\vendor\codeigniter4\framework\system\CodeIgniter.php(497): CodeIgniter\CodeIgniter->runController(Object(App\Controllers\Login\Auth))
#11 D:\xampp\htdocs\ccs-link\vendor\codeigniter4\framework\system\CodeIgniter.php(366): CodeIgniter\CodeIgniter->handleRequest(NULL, Object(Config\Cache), false)
#12 D:\xampp\htdocs\ccs-link\public\index.php(67): CodeIgniter\CodeIgniter->run()
#13 D:\xampp\htdocs\ccs-link\vendor\codeigniter4\framework\system\Commands\Server\rewrite.php(47): require_once('D:\\xampp\\htdocs...')
#14 {main}

Next CodeIgniter\Database\Exceptions\DatabaseException: Unknown database 'ccs-link' in D:\xampp\htdocs\ccs-link\vendor\codeigniter4\framework\system\Database\MySQLi\Connection.php:218
Stack trace:
#0 D:\xampp\htdocs\ccs-link\vendor\codeigniter4\framework\system\Database\BaseConnection.php(391): CodeIgniter\Database\MySQLi\Connection->connect(false)
#1 D:\xampp\htdocs\ccs-link\vendor\codeigniter4\framework\system\Database\BaseConnection.php(574): CodeIgniter\Database\BaseConnection->initialize()
#2 D:\xampp\htdocs\ccs-link\vendor\codeigniter4\framework\system\Database\BaseBuilder.php(1616): CodeIgniter\Database\BaseConnection->query('SELECT 1\nFROM `...', Array, false)
#3 D:\xampp\htdocs\ccs-link\vendor\codeigniter4\framework\system\Validation\StrictRules\Rules.php(206): CodeIgniter\Database\BaseBuilder->get()
#4 D:\xampp\htdocs\ccs-link\vendor\codeigniter4\framework\system\Validation\Validation.php(278): CodeIgniter\Validation\StrictRules\Rules->is_unique('cigiqom', 'username', Array, NULL, 'username')
#5 D:\xampp\htdocs\ccs-link\vendor\codeigniter4\framework\system\Validation\Validation.php(182): CodeIgniter\Validation\Validation->processRules('username', 'username', 'cigiqom', Array, Array)
#6 D:\xampp\htdocs\ccs-link\vendor\codeigniter4\framework\system\Controller.php(140): CodeIgniter\Validation\Validation->run()
#7 D:\xampp\htdocs\ccs-link\app\Controllers\Login\Auth.php(25): CodeIgniter\Controller->validate(Array)
#8 D:\xampp\htdocs\ccs-link\vendor\codeigniter4\framework\system\CodeIgniter.php(932): App\Controllers\Login\Auth->saveUser()
#9 D:\xampp\htdocs\ccs-link\vendor\codeigniter4\framework\system\CodeIgniter.php(497): CodeIgniter\CodeIgniter->runController(Object(App\Controllers\Login\Auth))
#10 D:\xampp\htdocs\ccs-link\vendor\codeigniter4\framework\system\CodeIgniter.php(366): CodeIgniter\CodeIgniter->handleRequest(NULL, Object(Config\Cache), false)
#11 D:\xampp\htdocs\ccs-link\public\index.php(67): CodeIgniter\CodeIgniter->run()
#12 D:\xampp\htdocs\ccs-link\vendor\codeigniter4\framework\system\Commands\Server\rewrite.php(47): require_once('D:\\xampp\\htdocs...')
#13 {main}
CRITICAL - 2023-07-06 14:14:07 --> Unable to connect to the database.
Main connection [MySQLi]: Unknown database 'ccs-link'
in SYSTEMPATH\Database\BaseConnection.php on line 427.
 1 SYSTEMPATH\Database\BaseConnection.php(574): CodeIgniter\Database\BaseConnection->initialize()
 2 SYSTEMPATH\Database\BaseBuilder.php(1616): CodeIgniter\Database\BaseConnection->query('SELECT 1
FROM `user`
WHERE `username` = :username:
 LIMIT 1', [...], false)
 3 SYSTEMPATH\Validation\StrictRules\Rules.php(206): CodeIgniter\Database\BaseBuilder->get()
 4 SYSTEMPATH\Validation\Validation.php(278): CodeIgniter\Validation\StrictRules\Rules->is_unique('cigiqom', 'username', [...], null, 'username')
 5 SYSTEMPATH\Validation\Validation.php(182): CodeIgniter\Validation\Validation->processRules('username', 'username', 'cigiqom', [...], [...])
 6 SYSTEMPATH\Controller.php(140): CodeIgniter\Validation\Validation->run()
 7 APPPATH\Controllers\Login\Auth.php(25): CodeIgniter\Controller->validate([...])
 8 SYSTEMPATH\CodeIgniter.php(932): App\Controllers\Login\Auth->saveUser()
 9 SYSTEMPATH\CodeIgniter.php(497): CodeIgniter\CodeIgniter->runController(Object(App\Controllers\Login\Auth))
10 SYSTEMPATH\CodeIgniter.php(366): CodeIgniter\CodeIgniter->handleRequest(null, Object(Config\Cache), false)
11 FCPATH\index.php(67): CodeIgniter\CodeIgniter->run()
12 SYSTEMPATH\Commands\Server\rewrite.php(47): require_once('D:\\xampp\\htdocs\\ccs-link\\public\\index.php')
ERROR - 2023-07-06 14:14:42 --> Error connecting to the database: mysqli_sql_exception: Unknown database 'ccs-link' in D:\xampp\htdocs\ccs-link\vendor\codeigniter4\framework\system\Database\MySQLi\Connection.php:173
Stack trace:
#0 D:\xampp\htdocs\ccs-link\vendor\codeigniter4\framework\system\Database\MySQLi\Connection.php(173): mysqli->real_connect('localhost', 'root', Object(SensitiveParameterValue), 'ccs-link', 3306, '', 0)
#1 D:\xampp\htdocs\ccs-link\vendor\codeigniter4\framework\system\Database\BaseConnection.php(391): CodeIgniter\Database\MySQLi\Connection->connect(false)
#2 D:\xampp\htdocs\ccs-link\vendor\codeigniter4\framework\system\Database\BaseConnection.php(574): CodeIgniter\Database\BaseConnection->initialize()
#3 D:\xampp\htdocs\ccs-link\vendor\codeigniter4\framework\system\Database\BaseBuilder.php(1616): CodeIgniter\Database\BaseConnection->query('SELECT 1\nFROM `...', Array, false)
#4 D:\xampp\htdocs\ccs-link\vendor\codeigniter4\framework\system\Validation\StrictRules\Rules.php(206): CodeIgniter\Database\BaseBuilder->get()
#5 D:\xampp\htdocs\ccs-link\vendor\codeigniter4\framework\system\Validation\Validation.php(278): CodeIgniter\Validation\StrictRules\Rules->is_unique('cigiqom', 'username', Array, NULL, 'username')
#6 D:\xampp\htdocs\ccs-link\vendor\codeigniter4\framework\system\Validation\Validation.php(182): CodeIgniter\Validation\Validation->processRules('username', 'username', 'cigiqom', Array, Array)
#7 D:\xampp\htdocs\ccs-link\vendor\codeigniter4\framework\system\Controller.php(140): CodeIgniter\Validation\Validation->run()
#8 D:\xampp\htdocs\ccs-link\app\Controllers\Login\Auth.php(25): CodeIgniter\Controller->validate(Array)
#9 D:\xampp\htdocs\ccs-link\vendor\codeigniter4\framework\system\CodeIgniter.php(932): App\Controllers\Login\Auth->saveUser()
#10 D:\xampp\htdocs\ccs-link\vendor\codeigniter4\framework\system\CodeIgniter.php(497): CodeIgniter\CodeIgniter->runController(Object(App\Controllers\Login\Auth))
#11 D:\xampp\htdocs\ccs-link\vendor\codeigniter4\framework\system\CodeIgniter.php(366): CodeIgniter\CodeIgniter->handleRequest(NULL, Object(Config\Cache), false)
#12 D:\xampp\htdocs\ccs-link\public\index.php(67): CodeIgniter\CodeIgniter->run()
#13 D:\xampp\htdocs\ccs-link\vendor\codeigniter4\framework\system\Commands\Server\rewrite.php(47): require_once('D:\\xampp\\htdocs...')
#14 {main}

Next CodeIgniter\Database\Exceptions\DatabaseException: Unknown database 'ccs-link' in D:\xampp\htdocs\ccs-link\vendor\codeigniter4\framework\system\Database\MySQLi\Connection.php:218
Stack trace:
#0 D:\xampp\htdocs\ccs-link\vendor\codeigniter4\framework\system\Database\BaseConnection.php(391): CodeIgniter\Database\MySQLi\Connection->connect(false)
#1 D:\xampp\htdocs\ccs-link\vendor\codeigniter4\framework\system\Database\BaseConnection.php(574): CodeIgniter\Database\BaseConnection->initialize()
#2 D:\xampp\htdocs\ccs-link\vendor\codeigniter4\framework\system\Database\BaseBuilder.php(1616): CodeIgniter\Database\BaseConnection->query('SELECT 1\nFROM `...', Array, false)
#3 D:\xampp\htdocs\ccs-link\vendor\codeigniter4\framework\system\Validation\StrictRules\Rules.php(206): CodeIgniter\Database\BaseBuilder->get()
#4 D:\xampp\htdocs\ccs-link\vendor\codeigniter4\framework\system\Validation\Validation.php(278): CodeIgniter\Validation\StrictRules\Rules->is_unique('cigiqom', 'username', Array, NULL, 'username')
#5 D:\xampp\htdocs\ccs-link\vendor\codeigniter4\framework\system\Validation\Validation.php(182): CodeIgniter\Validation\Validation->processRules('username', 'username', 'cigiqom', Array, Array)
#6 D:\xampp\htdocs\ccs-link\vendor\codeigniter4\framework\system\Controller.php(140): CodeIgniter\Validation\Validation->run()
#7 D:\xampp\htdocs\ccs-link\app\Controllers\Login\Auth.php(25): CodeIgniter\Controller->validate(Array)
#8 D:\xampp\htdocs\ccs-link\vendor\codeigniter4\framework\system\CodeIgniter.php(932): App\Controllers\Login\Auth->saveUser()
#9 D:\xampp\htdocs\ccs-link\vendor\codeigniter4\framework\system\CodeIgniter.php(497): CodeIgniter\CodeIgniter->runController(Object(App\Controllers\Login\Auth))
#10 D:\xampp\htdocs\ccs-link\vendor\codeigniter4\framework\system\CodeIgniter.php(366): CodeIgniter\CodeIgniter->handleRequest(NULL, Object(Config\Cache), false)
#11 D:\xampp\htdocs\ccs-link\public\index.php(67): CodeIgniter\CodeIgniter->run()
#12 D:\xampp\htdocs\ccs-link\vendor\codeigniter4\framework\system\Commands\Server\rewrite.php(47): require_once('D:\\xampp\\htdocs...')
#13 {main}
CRITICAL - 2023-07-06 14:14:42 --> Unable to connect to the database.
Main connection [MySQLi]: Unknown database 'ccs-link'
in SYSTEMPATH\Database\BaseConnection.php on line 427.
 1 SYSTEMPATH\Database\BaseConnection.php(574): CodeIgniter\Database\BaseConnection->initialize()
 2 SYSTEMPATH\Database\BaseBuilder.php(1616): CodeIgniter\Database\BaseConnection->query('SELECT 1
FROM `user`
WHERE `username` = :username:
 LIMIT 1', [...], false)
 3 SYSTEMPATH\Validation\StrictRules\Rules.php(206): CodeIgniter\Database\BaseBuilder->get()
 4 SYSTEMPATH\Validation\Validation.php(278): CodeIgniter\Validation\StrictRules\Rules->is_unique('cigiqom', 'username', [...], null, 'username')
 5 SYSTEMPATH\Validation\Validation.php(182): CodeIgniter\Validation\Validation->processRules('username', 'username', 'cigiqom', [...], [...])
 6 SYSTEMPATH\Controller.php(140): CodeIgniter\Validation\Validation->run()
 7 APPPATH\Controllers\Login\Auth.php(25): CodeIgniter\Controller->validate([...])
 8 SYSTEMPATH\CodeIgniter.php(932): App\Controllers\Login\Auth->saveUser()
 9 SYSTEMPATH\CodeIgniter.php(497): CodeIgniter\CodeIgniter->runController(Object(App\Controllers\Login\Auth))
10 SYSTEMPATH\CodeIgniter.php(366): CodeIgniter\CodeIgniter->handleRequest(null, Object(Config\Cache), false)
11 FCPATH\index.php(67): CodeIgniter\CodeIgniter->run()
12 SYSTEMPATH\Commands\Server\rewrite.php(47): require_once('D:\\xampp\\htdocs\\ccs-link\\public\\index.php')
ERROR - 2023-07-06 14:14:46 --> Error connecting to the database: mysqli_sql_exception: Unknown database 'ccs-link' in D:\xampp\htdocs\ccs-link\vendor\codeigniter4\framework\system\Database\MySQLi\Connection.php:173
Stack trace:
#0 D:\xampp\htdocs\ccs-link\vendor\codeigniter4\framework\system\Database\MySQLi\Connection.php(173): mysqli->real_connect('localhost', 'root', Object(SensitiveParameterValue), 'ccs-link', 3306, '', 0)
#1 D:\xampp\htdocs\ccs-link\vendor\codeigniter4\framework\system\Database\BaseConnection.php(391): CodeIgniter\Database\MySQLi\Connection->connect(false)
#2 D:\xampp\htdocs\ccs-link\vendor\codeigniter4\framework\system\Database\BaseConnection.php(574): CodeIgniter\Database\BaseConnection->initialize()
#3 D:\xampp\htdocs\ccs-link\vendor\codeigniter4\framework\system\Database\BaseBuilder.php(1616): CodeIgniter\Database\BaseConnection->query('SELECT 1\nFROM `...', Array, false)
#4 D:\xampp\htdocs\ccs-link\vendor\codeigniter4\framework\system\Validation\StrictRules\Rules.php(206): CodeIgniter\Database\BaseBuilder->get()
#5 D:\xampp\htdocs\ccs-link\vendor\codeigniter4\framework\system\Validation\Validation.php(278): CodeIgniter\Validation\StrictRules\Rules->is_unique('cigiqom', 'username', Array, NULL, 'username')
#6 D:\xampp\htdocs\ccs-link\vendor\codeigniter4\framework\system\Validation\Validation.php(182): CodeIgniter\Validation\Validation->processRules('username', 'username', 'cigiqom', Array, Array)
#7 D:\xampp\htdocs\ccs-link\vendor\codeigniter4\framework\system\Controller.php(140): CodeIgniter\Validation\Validation->run()
#8 D:\xampp\htdocs\ccs-link\app\Controllers\Login\Auth.php(25): CodeIgniter\Controller->validate(Array)
#9 D:\xampp\htdocs\ccs-link\vendor\codeigniter4\framework\system\CodeIgniter.php(932): App\Controllers\Login\Auth->saveUser()
#10 D:\xampp\htdocs\ccs-link\vendor\codeigniter4\framework\system\CodeIgniter.php(497): CodeIgniter\CodeIgniter->runController(Object(App\Controllers\Login\Auth))
#11 D:\xampp\htdocs\ccs-link\vendor\codeigniter4\framework\system\CodeIgniter.php(366): CodeIgniter\CodeIgniter->handleRequest(NULL, Object(Config\Cache), false)
#12 D:\xampp\htdocs\ccs-link\public\index.php(67): CodeIgniter\CodeIgniter->run()
#13 D:\xampp\htdocs\ccs-link\vendor\codeigniter4\framework\system\Commands\Server\rewrite.php(47): require_once('D:\\xampp\\htdocs...')
#14 {main}

Next CodeIgniter\Database\Exceptions\DatabaseException: Unknown database 'ccs-link' in D:\xampp\htdocs\ccs-link\vendor\codeigniter4\framework\system\Database\MySQLi\Connection.php:218
Stack trace:
#0 D:\xampp\htdocs\ccs-link\vendor\codeigniter4\framework\system\Database\BaseConnection.php(391): CodeIgniter\Database\MySQLi\Connection->connect(false)
#1 D:\xampp\htdocs\ccs-link\vendor\codeigniter4\framework\system\Database\BaseConnection.php(574): CodeIgniter\Database\BaseConnection->initialize()
#2 D:\xampp\htdocs\ccs-link\vendor\codeigniter4\framework\system\Database\BaseBuilder.php(1616): CodeIgniter\Database\BaseConnection->query('SELECT 1\nFROM `...', Array, false)
#3 D:\xampp\htdocs\ccs-link\vendor\codeigniter4\framework\system\Validation\StrictRules\Rules.php(206): CodeIgniter\Database\BaseBuilder->get()
#4 D:\xampp\htdocs\ccs-link\vendor\codeigniter4\framework\system\Validation\Validation.php(278): CodeIgniter\Validation\StrictRules\Rules->is_unique('cigiqom', 'username', Array, NULL, 'username')
#5 D:\xampp\htdocs\ccs-link\vendor\codeigniter4\framework\system\Validation\Validation.php(182): CodeIgniter\Validation\Validation->processRules('username', 'username', 'cigiqom', Array, Array)
#6 D:\xampp\htdocs\ccs-link\vendor\codeigniter4\framework\system\Controller.php(140): CodeIgniter\Validation\Validation->run()
#7 D:\xampp\htdocs\ccs-link\app\Controllers\Login\Auth.php(25): CodeIgniter\Controller->validate(Array)
#8 D:\xampp\htdocs\ccs-link\vendor\codeigniter4\framework\system\CodeIgniter.php(932): App\Controllers\Login\Auth->saveUser()
#9 D:\xampp\htdocs\ccs-link\vendor\codeigniter4\framework\system\CodeIgniter.php(497): CodeIgniter\CodeIgniter->runController(Object(App\Controllers\Login\Auth))
#10 D:\xampp\htdocs\ccs-link\vendor\codeigniter4\framework\system\CodeIgniter.php(366): CodeIgniter\CodeIgniter->handleRequest(NULL, Object(Config\Cache), false)
#11 D:\xampp\htdocs\ccs-link\public\index.php(67): CodeIgniter\CodeIgniter->run()
#12 D:\xampp\htdocs\ccs-link\vendor\codeigniter4\framework\system\Commands\Server\rewrite.php(47): require_once('D:\\xampp\\htdocs...')
#13 {main}
CRITICAL - 2023-07-06 14:14:46 --> Unable to connect to the database.
Main connection [MySQLi]: Unknown database 'ccs-link'
in SYSTEMPATH\Database\BaseConnection.php on line 427.
 1 SYSTEMPATH\Database\BaseConnection.php(574): CodeIgniter\Database\BaseConnection->initialize()
 2 SYSTEMPATH\Database\BaseBuilder.php(1616): CodeIgniter\Database\BaseConnection->query('SELECT 1
FROM `user`
WHERE `username` = :username:
 LIMIT 1', [...], false)
 3 SYSTEMPATH\Validation\StrictRules\Rules.php(206): CodeIgniter\Database\BaseBuilder->get()
 4 SYSTEMPATH\Validation\Validation.php(278): CodeIgniter\Validation\StrictRules\Rules->is_unique('cigiqom', 'username', [...], null, 'username')
 5 SYSTEMPATH\Validation\Validation.php(182): CodeIgniter\Validation\Validation->processRules('username', 'username', 'cigiqom', [...], [...])
 6 SYSTEMPATH\Controller.php(140): CodeIgniter\Validation\Validation->run()
 7 APPPATH\Controllers\Login\Auth.php(25): CodeIgniter\Controller->validate([...])
 8 SYSTEMPATH\CodeIgniter.php(932): App\Controllers\Login\Auth->saveUser()
 9 SYSTEMPATH\CodeIgniter.php(497): CodeIgniter\CodeIgniter->runController(Object(App\Controllers\Login\Auth))
10 SYSTEMPATH\CodeIgniter.php(366): CodeIgniter\CodeIgniter->handleRequest(null, Object(Config\Cache), false)
11 FCPATH\index.php(67): CodeIgniter\CodeIgniter->run()
12 SYSTEMPATH\Commands\Server\rewrite.php(47): require_once('D:\\xampp\\htdocs\\ccs-link\\public\\index.php')
ERROR - 2023-07-06 14:15:58 --> Error connecting to the database: mysqli_sql_exception: Unknown database 'ccs-link' in D:\xampp\htdocs\ccs-link\vendor\codeigniter4\framework\system\Database\MySQLi\Connection.php:173
Stack trace:
#0 D:\xampp\htdocs\ccs-link\vendor\codeigniter4\framework\system\Database\MySQLi\Connection.php(173): mysqli->real_connect('localhost', 'root', Object(SensitiveParameterValue), 'ccs-link', 3306, '', 0)
#1 D:\xampp\htdocs\ccs-link\vendor\codeigniter4\framework\system\Database\BaseConnection.php(391): CodeIgniter\Database\MySQLi\Connection->connect(false)
#2 D:\xampp\htdocs\ccs-link\vendor\codeigniter4\framework\system\Database\BaseConnection.php(574): CodeIgniter\Database\BaseConnection->initialize()
#3 D:\xampp\htdocs\ccs-link\vendor\codeigniter4\framework\system\Database\BaseBuilder.php(1616): CodeIgniter\Database\BaseConnection->query('SELECT 1\nFROM `...', Array, false)
#4 D:\xampp\htdocs\ccs-link\vendor\codeigniter4\framework\system\Validation\StrictRules\Rules.php(206): CodeIgniter\Database\BaseBuilder->get()
#5 D:\xampp\htdocs\ccs-link\vendor\codeigniter4\framework\system\Validation\Validation.php(278): CodeIgniter\Validation\StrictRules\Rules->is_unique('cigiqom', 'username', Array, NULL, 'username')
#6 D:\xampp\htdocs\ccs-link\vendor\codeigniter4\framework\system\Validation\Validation.php(182): CodeIgniter\Validation\Validation->processRules('username', 'username', 'cigiqom', Array, Array)
#7 D:\xampp\htdocs\ccs-link\vendor\codeigniter4\framework\system\Controller.php(140): CodeIgniter\Validation\Validation->run()
#8 D:\xampp\htdocs\ccs-link\app\Controllers\Login\Auth.php(25): CodeIgniter\Controller->validate(Array)
#9 D:\xampp\htdocs\ccs-link\vendor\codeigniter4\framework\system\CodeIgniter.php(932): App\Controllers\Login\Auth->saveUser()
#10 D:\xampp\htdocs\ccs-link\vendor\codeigniter4\framework\system\CodeIgniter.php(497): CodeIgniter\CodeIgniter->runController(Object(App\Controllers\Login\Auth))
#11 D:\xampp\htdocs\ccs-link\vendor\codeigniter4\framework\system\CodeIgniter.php(366): CodeIgniter\CodeIgniter->handleRequest(NULL, Object(Config\Cache), false)
#12 D:\xampp\htdocs\ccs-link\public\index.php(67): CodeIgniter\CodeIgniter->run()
#13 D:\xampp\htdocs\ccs-link\vendor\codeigniter4\framework\system\Commands\Server\rewrite.php(47): require_once('D:\\xampp\\htdocs...')
#14 {main}

Next CodeIgniter\Database\Exceptions\DatabaseException: Unknown database 'ccs-link' in D:\xampp\htdocs\ccs-link\vendor\codeigniter4\framework\system\Database\MySQLi\Connection.php:218
Stack trace:
#0 D:\xampp\htdocs\ccs-link\vendor\codeigniter4\framework\system\Database\BaseConnection.php(391): CodeIgniter\Database\MySQLi\Connection->connect(false)
#1 D:\xampp\htdocs\ccs-link\vendor\codeigniter4\framework\system\Database\BaseConnection.php(574): CodeIgniter\Database\BaseConnection->initialize()
#2 D:\xampp\htdocs\ccs-link\vendor\codeigniter4\framework\system\Database\BaseBuilder.php(1616): CodeIgniter\Database\BaseConnection->query('SELECT 1\nFROM `...', Array, false)
#3 D:\xampp\htdocs\ccs-link\vendor\codeigniter4\framework\system\Validation\StrictRules\Rules.php(206): CodeIgniter\Database\BaseBuilder->get()
#4 D:\xampp\htdocs\ccs-link\vendor\codeigniter4\framework\system\Validation\Validation.php(278): CodeIgniter\Validation\StrictRules\Rules->is_unique('cigiqom', 'username', Array, NULL, 'username')
#5 D:\xampp\htdocs\ccs-link\vendor\codeigniter4\framework\system\Validation\Validation.php(182): CodeIgniter\Validation\Validation->processRules('username', 'username', 'cigiqom', Array, Array)
#6 D:\xampp\htdocs\ccs-link\vendor\codeigniter4\framework\system\Controller.php(140): CodeIgniter\Validation\Validation->run()
#7 D:\xampp\htdocs\ccs-link\app\Controllers\Login\Auth.php(25): CodeIgniter\Controller->validate(Array)
#8 D:\xampp\htdocs\ccs-link\vendor\codeigniter4\framework\system\CodeIgniter.php(932): App\Controllers\Login\Auth->saveUser()
#9 D:\xampp\htdocs\ccs-link\vendor\codeigniter4\framework\system\CodeIgniter.php(497): CodeIgniter\CodeIgniter->runController(Object(App\Controllers\Login\Auth))
#10 D:\xampp\htdocs\ccs-link\vendor\codeigniter4\framework\system\CodeIgniter.php(366): CodeIgniter\CodeIgniter->handleRequest(NULL, Object(Config\Cache), false)
#11 D:\xampp\htdocs\ccs-link\public\index.php(67): CodeIgniter\CodeIgniter->run()
#12 D:\xampp\htdocs\ccs-link\vendor\codeigniter4\framework\system\Commands\Server\rewrite.php(47): require_once('D:\\xampp\\htdocs...')
#13 {main}
CRITICAL - 2023-07-06 14:15:58 --> Unable to connect to the database.
Main connection [MySQLi]: Unknown database 'ccs-link'
in SYSTEMPATH\Database\BaseConnection.php on line 427.
 1 SYSTEMPATH\Database\BaseConnection.php(574): CodeIgniter\Database\BaseConnection->initialize()
 2 SYSTEMPATH\Database\BaseBuilder.php(1616): CodeIgniter\Database\BaseConnection->query('SELECT 1
FROM `user`
WHERE `username` = :username:
 LIMIT 1', [...], false)
 3 SYSTEMPATH\Validation\StrictRules\Rules.php(206): CodeIgniter\Database\BaseBuilder->get()
 4 SYSTEMPATH\Validation\Validation.php(278): CodeIgniter\Validation\StrictRules\Rules->is_unique('cigiqom', 'username', [...], null, 'username')
 5 SYSTEMPATH\Validation\Validation.php(182): CodeIgniter\Validation\Validation->processRules('username', 'username', 'cigiqom', [...], [...])
 6 SYSTEMPATH\Controller.php(140): CodeIgniter\Validation\Validation->run()
 7 APPPATH\Controllers\Login\Auth.php(25): CodeIgniter\Controller->validate([...])
 8 SYSTEMPATH\CodeIgniter.php(932): App\Controllers\Login\Auth->saveUser()
 9 SYSTEMPATH\CodeIgniter.php(497): CodeIgniter\CodeIgniter->runController(Object(App\Controllers\Login\Auth))
10 SYSTEMPATH\CodeIgniter.php(366): CodeIgniter\CodeIgniter->handleRequest(null, Object(Config\Cache), false)
11 FCPATH\index.php(67): CodeIgniter\CodeIgniter->run()
12 SYSTEMPATH\Commands\Server\rewrite.php(47): require_once('D:\\xampp\\htdocs\\ccs-link\\public\\index.php')
ERROR - 2023-07-06 14:16:02 --> Error connecting to the database: mysqli_sql_exception: Unknown database 'ccs-link' in D:\xampp\htdocs\ccs-link\vendor\codeigniter4\framework\system\Database\MySQLi\Connection.php:173
Stack trace:
#0 D:\xampp\htdocs\ccs-link\vendor\codeigniter4\framework\system\Database\MySQLi\Connection.php(173): mysqli->real_connect('localhost', 'root', Object(SensitiveParameterValue), 'ccs-link', 3306, '', 0)
#1 D:\xampp\htdocs\ccs-link\vendor\codeigniter4\framework\system\Database\BaseConnection.php(391): CodeIgniter\Database\MySQLi\Connection->connect(false)
#2 D:\xampp\htdocs\ccs-link\vendor\codeigniter4\framework\system\Database\BaseConnection.php(574): CodeIgniter\Database\BaseConnection->initialize()
#3 D:\xampp\htdocs\ccs-link\vendor\codeigniter4\framework\system\Database\BaseBuilder.php(1616): CodeIgniter\Database\BaseConnection->query('SELECT 1\nFROM `...', Array, false)
#4 D:\xampp\htdocs\ccs-link\vendor\codeigniter4\framework\system\Validation\StrictRules\Rules.php(206): CodeIgniter\Database\BaseBuilder->get()
#5 D:\xampp\htdocs\ccs-link\vendor\codeigniter4\framework\system\Validation\Validation.php(278): CodeIgniter\Validation\StrictRules\Rules->is_unique('cigiqom', 'username', Array, NULL, 'username')
#6 D:\xampp\htdocs\ccs-link\vendor\codeigniter4\framework\system\Validation\Validation.php(182): CodeIgniter\Validation\Validation->processRules('username', 'username', 'cigiqom', Array, Array)
#7 D:\xampp\htdocs\ccs-link\vendor\codeigniter4\framework\system\Controller.php(140): CodeIgniter\Validation\Validation->run()
#8 D:\xampp\htdocs\ccs-link\app\Controllers\Login\Auth.php(25): CodeIgniter\Controller->validate(Array)
#9 D:\xampp\htdocs\ccs-link\vendor\codeigniter4\framework\system\CodeIgniter.php(932): App\Controllers\Login\Auth->saveUser()
#10 D:\xampp\htdocs\ccs-link\vendor\codeigniter4\framework\system\CodeIgniter.php(497): CodeIgniter\CodeIgniter->runController(Object(App\Controllers\Login\Auth))
#11 D:\xampp\htdocs\ccs-link\vendor\codeigniter4\framework\system\CodeIgniter.php(366): CodeIgniter\CodeIgniter->handleRequest(NULL, Object(Config\Cache), false)
#12 D:\xampp\htdocs\ccs-link\public\index.php(67): CodeIgniter\CodeIgniter->run()
#13 D:\xampp\htdocs\ccs-link\vendor\codeigniter4\framework\system\Commands\Server\rewrite.php(47): require_once('D:\\xampp\\htdocs...')
#14 {main}

Next CodeIgniter\Database\Exceptions\DatabaseException: Unknown database 'ccs-link' in D:\xampp\htdocs\ccs-link\vendor\codeigniter4\framework\system\Database\MySQLi\Connection.php:218
Stack trace:
#0 D:\xampp\htdocs\ccs-link\vendor\codeigniter4\framework\system\Database\BaseConnection.php(391): CodeIgniter\Database\MySQLi\Connection->connect(false)
#1 D:\xampp\htdocs\ccs-link\vendor\codeigniter4\framework\system\Database\BaseConnection.php(574): CodeIgniter\Database\BaseConnection->initialize()
#2 D:\xampp\htdocs\ccs-link\vendor\codeigniter4\framework\system\Database\BaseBuilder.php(1616): CodeIgniter\Database\BaseConnection->query('SELECT 1\nFROM `...', Array, false)
#3 D:\xampp\htdocs\ccs-link\vendor\codeigniter4\framework\system\Validation\StrictRules\Rules.php(206): CodeIgniter\Database\BaseBuilder->get()
#4 D:\xampp\htdocs\ccs-link\vendor\codeigniter4\framework\system\Validation\Validation.php(278): CodeIgniter\Validation\StrictRules\Rules->is_unique('cigiqom', 'username', Array, NULL, 'username')
#5 D:\xampp\htdocs\ccs-link\vendor\codeigniter4\framework\system\Validation\Validation.php(182): CodeIgniter\Validation\Validation->processRules('username', 'username', 'cigiqom', Array, Array)
#6 D:\xampp\htdocs\ccs-link\vendor\codeigniter4\framework\system\Controller.php(140): CodeIgniter\Validation\Validation->run()
#7 D:\xampp\htdocs\ccs-link\app\Controllers\Login\Auth.php(25): CodeIgniter\Controller->validate(Array)
#8 D:\xampp\htdocs\ccs-link\vendor\codeigniter4\framework\system\CodeIgniter.php(932): App\Controllers\Login\Auth->saveUser()
#9 D:\xampp\htdocs\ccs-link\vendor\codeigniter4\framework\system\CodeIgniter.php(497): CodeIgniter\CodeIgniter->runController(Object(App\Controllers\Login\Auth))
#10 D:\xampp\htdocs\ccs-link\vendor\codeigniter4\framework\system\CodeIgniter.php(366): CodeIgniter\CodeIgniter->handleRequest(NULL, Object(Config\Cache), false)
#11 D:\xampp\htdocs\ccs-link\public\index.php(67): CodeIgniter\CodeIgniter->run()
#12 D:\xampp\htdocs\ccs-link\vendor\codeigniter4\framework\system\Commands\Server\rewrite.php(47): require_once('D:\\xampp\\htdocs...')
#13 {main}
CRITICAL - 2023-07-06 14:16:02 --> Unable to connect to the database.
Main connection [MySQLi]: Unknown database 'ccs-link'
in SYSTEMPATH\Database\BaseConnection.php on line 427.
 1 SYSTEMPATH\Database\BaseConnection.php(574): CodeIgniter\Database\BaseConnection->initialize()
 2 SYSTEMPATH\Database\BaseBuilder.php(1616): CodeIgniter\Database\BaseConnection->query('SELECT 1
FROM `user`
WHERE `username` = :username:
 LIMIT 1', [...], false)
 3 SYSTEMPATH\Validation\StrictRules\Rules.php(206): CodeIgniter\Database\BaseBuilder->get()
 4 SYSTEMPATH\Validation\Validation.php(278): CodeIgniter\Validation\StrictRules\Rules->is_unique('cigiqom', 'username', [...], null, 'username')
 5 SYSTEMPATH\Validation\Validation.php(182): CodeIgniter\Validation\Validation->processRules('username', 'username', 'cigiqom', [...], [...])
 6 SYSTEMPATH\Controller.php(140): CodeIgniter\Validation\Validation->run()
 7 APPPATH\Controllers\Login\Auth.php(25): CodeIgniter\Controller->validate([...])
 8 SYSTEMPATH\CodeIgniter.php(932): App\Controllers\Login\Auth->saveUser()
 9 SYSTEMPATH\CodeIgniter.php(497): CodeIgniter\CodeIgniter->runController(Object(App\Controllers\Login\Auth))
10 SYSTEMPATH\CodeIgniter.php(366): CodeIgniter\CodeIgniter->handleRequest(null, Object(Config\Cache), false)
11 FCPATH\index.php(67): CodeIgniter\CodeIgniter->run()
12 SYSTEMPATH\Commands\Server\rewrite.php(47): require_once('D:\\xampp\\htdocs\\ccs-link\\public\\index.php')
ERROR - 2023-07-06 14:16:41 --> Error connecting to the database: mysqli_sql_exception: Unknown database 'ccs-link' in D:\xampp\htdocs\ccs-link\vendor\codeigniter4\framework\system\Database\MySQLi\Connection.php:173
Stack trace:
#0 D:\xampp\htdocs\ccs-link\vendor\codeigniter4\framework\system\Database\MySQLi\Connection.php(173): mysqli->real_connect('localhost', 'root', Object(SensitiveParameterValue), 'ccs-link', 3306, '', 0)
#1 D:\xampp\htdocs\ccs-link\vendor\codeigniter4\framework\system\Database\BaseConnection.php(391): CodeIgniter\Database\MySQLi\Connection->connect(false)
#2 D:\xampp\htdocs\ccs-link\vendor\codeigniter4\framework\system\Database\BaseConnection.php(574): CodeIgniter\Database\BaseConnection->initialize()
#3 D:\xampp\htdocs\ccs-link\vendor\codeigniter4\framework\system\Database\BaseBuilder.php(1616): CodeIgniter\Database\BaseConnection->query('SELECT 1\nFROM `...', Array, false)
#4 D:\xampp\htdocs\ccs-link\vendor\codeigniter4\framework\system\Validation\StrictRules\Rules.php(206): CodeIgniter\Database\BaseBuilder->get()
#5 D:\xampp\htdocs\ccs-link\vendor\codeigniter4\framework\system\Validation\Validation.php(278): CodeIgniter\Validation\StrictRules\Rules->is_unique('cigiqom', 'username', Array, NULL, 'username')
#6 D:\xampp\htdocs\ccs-link\vendor\codeigniter4\framework\system\Validation\Validation.php(182): CodeIgniter\Validation\Validation->processRules('username', 'username', 'cigiqom', Array, Array)
#7 D:\xampp\htdocs\ccs-link\vendor\codeigniter4\framework\system\Controller.php(140): CodeIgniter\Validation\Validation->run()
#8 D:\xampp\htdocs\ccs-link\app\Controllers\Login\Auth.php(25): CodeIgniter\Controller->validate(Array)
#9 D:\xampp\htdocs\ccs-link\vendor\codeigniter4\framework\system\CodeIgniter.php(932): App\Controllers\Login\Auth->saveUser()
#10 D:\xampp\htdocs\ccs-link\vendor\codeigniter4\framework\system\CodeIgniter.php(497): CodeIgniter\CodeIgniter->runController(Object(App\Controllers\Login\Auth))
#11 D:\xampp\htdocs\ccs-link\vendor\codeigniter4\framework\system\CodeIgniter.php(366): CodeIgniter\CodeIgniter->handleRequest(NULL, Object(Config\Cache), false)
#12 D:\xampp\htdocs\ccs-link\public\index.php(67): CodeIgniter\CodeIgniter->run()
#13 D:\xampp\htdocs\ccs-link\vendor\codeigniter4\framework\system\Commands\Server\rewrite.php(47): require_once('D:\\xampp\\htdocs...')
#14 {main}

Next CodeIgniter\Database\Exceptions\DatabaseException: Unknown database 'ccs-link' in D:\xampp\htdocs\ccs-link\vendor\codeigniter4\framework\system\Database\MySQLi\Connection.php:218
Stack trace:
#0 D:\xampp\htdocs\ccs-link\vendor\codeigniter4\framework\system\Database\BaseConnection.php(391): CodeIgniter\Database\MySQLi\Connection->connect(false)
#1 D:\xampp\htdocs\ccs-link\vendor\codeigniter4\framework\system\Database\BaseConnection.php(574): CodeIgniter\Database\BaseConnection->initialize()
#2 D:\xampp\htdocs\ccs-link\vendor\codeigniter4\framework\system\Database\BaseBuilder.php(1616): CodeIgniter\Database\BaseConnection->query('SELECT 1\nFROM `...', Array, false)
#3 D:\xampp\htdocs\ccs-link\vendor\codeigniter4\framework\system\Validation\StrictRules\Rules.php(206): CodeIgniter\Database\BaseBuilder->get()
#4 D:\xampp\htdocs\ccs-link\vendor\codeigniter4\framework\system\Validation\Validation.php(278): CodeIgniter\Validation\StrictRules\Rules->is_unique('cigiqom', 'username', Array, NULL, 'username')
#5 D:\xampp\htdocs\ccs-link\vendor\codeigniter4\framework\system\Validation\Validation.php(182): CodeIgniter\Validation\Validation->processRules('username', 'username', 'cigiqom', Array, Array)
#6 D:\xampp\htdocs\ccs-link\vendor\codeigniter4\framework\system\Controller.php(140): CodeIgniter\Validation\Validation->run()
#7 D:\xampp\htdocs\ccs-link\app\Controllers\Login\Auth.php(25): CodeIgniter\Controller->validate(Array)
#8 D:\xampp\htdocs\ccs-link\vendor\codeigniter4\framework\system\CodeIgniter.php(932): App\Controllers\Login\Auth->saveUser()
#9 D:\xampp\htdocs\ccs-link\vendor\codeigniter4\framework\system\CodeIgniter.php(497): CodeIgniter\CodeIgniter->runController(Object(App\Controllers\Login\Auth))
#10 D:\xampp\htdocs\ccs-link\vendor\codeigniter4\framework\system\CodeIgniter.php(366): CodeIgniter\CodeIgniter->handleRequest(NULL, Object(Config\Cache), false)
#11 D:\xampp\htdocs\ccs-link\public\index.php(67): CodeIgniter\CodeIgniter->run()
#12 D:\xampp\htdocs\ccs-link\vendor\codeigniter4\framework\system\Commands\Server\rewrite.php(47): require_once('D:\\xampp\\htdocs...')
#13 {main}
CRITICAL - 2023-07-06 14:16:41 --> Unable to connect to the database.
Main connection [MySQLi]: Unknown database 'ccs-link'
in SYSTEMPATH\Database\BaseConnection.php on line 427.
 1 SYSTEMPATH\Database\BaseConnection.php(574): CodeIgniter\Database\BaseConnection->initialize()
 2 SYSTEMPATH\Database\BaseBuilder.php(1616): CodeIgniter\Database\BaseConnection->query('SELECT 1
FROM `user`
WHERE `username` = :username:
 LIMIT 1', [...], false)
 3 SYSTEMPATH\Validation\StrictRules\Rules.php(206): CodeIgniter\Database\BaseBuilder->get()
 4 SYSTEMPATH\Validation\Validation.php(278): CodeIgniter\Validation\StrictRules\Rules->is_unique('cigiqom', 'username', [...], null, 'username')
 5 SYSTEMPATH\Validation\Validation.php(182): CodeIgniter\Validation\Validation->processRules('username', 'username', 'cigiqom', [...], [...])
 6 SYSTEMPATH\Controller.php(140): CodeIgniter\Validation\Validation->run()
 7 APPPATH\Controllers\Login\Auth.php(25): CodeIgniter\Controller->validate([...])
 8 SYSTEMPATH\CodeIgniter.php(932): App\Controllers\Login\Auth->saveUser()
 9 SYSTEMPATH\CodeIgniter.php(497): CodeIgniter\CodeIgniter->runController(Object(App\Controllers\Login\Auth))
10 SYSTEMPATH\CodeIgniter.php(366): CodeIgniter\CodeIgniter->handleRequest(null, Object(Config\Cache), false)
11 FCPATH\index.php(67): CodeIgniter\CodeIgniter->run()
12 SYSTEMPATH\Commands\Server\rewrite.php(47): require_once('D:\\xampp\\htdocs\\ccs-link\\public\\index.php')
ERROR - 2023-07-06 14:18:46 --> Error connecting to the database: mysqli_sql_exception: Unknown database 'ccs-link' in D:\xampp\htdocs\ccs-link\vendor\codeigniter4\framework\system\Database\MySQLi\Connection.php:173
Stack trace:
#0 D:\xampp\htdocs\ccs-link\vendor\codeigniter4\framework\system\Database\MySQLi\Connection.php(173): mysqli->real_connect('localhost', 'root', Object(SensitiveParameterValue), 'ccs-link', 3306, '', 0)
#1 D:\xampp\htdocs\ccs-link\vendor\codeigniter4\framework\system\Database\BaseConnection.php(391): CodeIgniter\Database\MySQLi\Connection->connect(false)
#2 D:\xampp\htdocs\ccs-link\vendor\codeigniter4\framework\system\Database\BaseConnection.php(574): CodeIgniter\Database\BaseConnection->initialize()
#3 D:\xampp\htdocs\ccs-link\vendor\codeigniter4\framework\system\Database\BaseBuilder.php(1616): CodeIgniter\Database\BaseConnection->query('SELECT 1\nFROM `...', Array, false)
#4 D:\xampp\htdocs\ccs-link\vendor\codeigniter4\framework\system\Validation\StrictRules\Rules.php(206): CodeIgniter\Database\BaseBuilder->get()
#5 D:\xampp\htdocs\ccs-link\vendor\codeigniter4\framework\system\Validation\Validation.php(278): CodeIgniter\Validation\StrictRules\Rules->is_unique('cigiqom', 'username', Array, NULL, 'username')
#6 D:\xampp\htdocs\ccs-link\vendor\codeigniter4\framework\system\Validation\Validation.php(182): CodeIgniter\Validation\Validation->processRules('username', 'username', 'cigiqom', Array, Array)
#7 D:\xampp\htdocs\ccs-link\vendor\codeigniter4\framework\system\Controller.php(140): CodeIgniter\Validation\Validation->run()
#8 D:\xampp\htdocs\ccs-link\app\Controllers\Login\Auth.php(25): CodeIgniter\Controller->validate(Array)
#9 D:\xampp\htdocs\ccs-link\vendor\codeigniter4\framework\system\CodeIgniter.php(932): App\Controllers\Login\Auth->saveUser()
#10 D:\xampp\htdocs\ccs-link\vendor\codeigniter4\framework\system\CodeIgniter.php(497): CodeIgniter\CodeIgniter->runController(Object(App\Controllers\Login\Auth))
#11 D:\xampp\htdocs\ccs-link\vendor\codeigniter4\framework\system\CodeIgniter.php(366): CodeIgniter\CodeIgniter->handleRequest(NULL, Object(Config\Cache), false)
#12 D:\xampp\htdocs\ccs-link\public\index.php(67): CodeIgniter\CodeIgniter->run()
#13 D:\xampp\htdocs\ccs-link\vendor\codeigniter4\framework\system\Commands\Server\rewrite.php(47): require_once('D:\\xampp\\htdocs...')
#14 {main}

Next CodeIgniter\Database\Exceptions\DatabaseException: Unknown database 'ccs-link' in D:\xampp\htdocs\ccs-link\vendor\codeigniter4\framework\system\Database\MySQLi\Connection.php:218
Stack trace:
#0 D:\xampp\htdocs\ccs-link\vendor\codeigniter4\framework\system\Database\BaseConnection.php(391): CodeIgniter\Database\MySQLi\Connection->connect(false)
#1 D:\xampp\htdocs\ccs-link\vendor\codeigniter4\framework\system\Database\BaseConnection.php(574): CodeIgniter\Database\BaseConnection->initialize()
#2 D:\xampp\htdocs\ccs-link\vendor\codeigniter4\framework\system\Database\BaseBuilder.php(1616): CodeIgniter\Database\BaseConnection->query('SELECT 1\nFROM `...', Array, false)
#3 D:\xampp\htdocs\ccs-link\vendor\codeigniter4\framework\system\Validation\StrictRules\Rules.php(206): CodeIgniter\Database\BaseBuilder->get()
#4 D:\xampp\htdocs\ccs-link\vendor\codeigniter4\framework\system\Validation\Validation.php(278): CodeIgniter\Validation\StrictRules\Rules->is_unique('cigiqom', 'username', Array, NULL, 'username')
#5 D:\xampp\htdocs\ccs-link\vendor\codeigniter4\framework\system\Validation\Validation.php(182): CodeIgniter\Validation\Validation->processRules('username', 'username', 'cigiqom', Array, Array)
#6 D:\xampp\htdocs\ccs-link\vendor\codeigniter4\framework\system\Controller.php(140): CodeIgniter\Validation\Validation->run()
#7 D:\xampp\htdocs\ccs-link\app\Controllers\Login\Auth.php(25): CodeIgniter\Controller->validate(Array)
#8 D:\xampp\htdocs\ccs-link\vendor\codeigniter4\framework\system\CodeIgniter.php(932): App\Controllers\Login\Auth->saveUser()
#9 D:\xampp\htdocs\ccs-link\vendor\codeigniter4\framework\system\CodeIgniter.php(497): CodeIgniter\CodeIgniter->runController(Object(App\Controllers\Login\Auth))
#10 D:\xampp\htdocs\ccs-link\vendor\codeigniter4\framework\system\CodeIgniter.php(366): CodeIgniter\CodeIgniter->handleRequest(NULL, Object(Config\Cache), false)
#11 D:\xampp\htdocs\ccs-link\public\index.php(67): CodeIgniter\CodeIgniter->run()
#12 D:\xampp\htdocs\ccs-link\vendor\codeigniter4\framework\system\Commands\Server\rewrite.php(47): require_once('D:\\xampp\\htdocs...')
#13 {main}
CRITICAL - 2023-07-06 14:18:46 --> Unable to connect to the database.
Main connection [MySQLi]: Unknown database 'ccs-link'
in SYSTEMPATH\Database\BaseConnection.php on line 427.
 1 SYSTEMPATH\Database\BaseConnection.php(574): CodeIgniter\Database\BaseConnection->initialize()
 2 SYSTEMPATH\Database\BaseBuilder.php(1616): CodeIgniter\Database\BaseConnection->query('SELECT 1
FROM `user`
WHERE `username` = :username:
 LIMIT 1', [...], false)
 3 SYSTEMPATH\Validation\StrictRules\Rules.php(206): CodeIgniter\Database\BaseBuilder->get()
 4 SYSTEMPATH\Validation\Validation.php(278): CodeIgniter\Validation\StrictRules\Rules->is_unique('cigiqom', 'username', [...], null, 'username')
 5 SYSTEMPATH\Validation\Validation.php(182): CodeIgniter\Validation\Validation->processRules('username', 'username', 'cigiqom', [...], [...])
 6 SYSTEMPATH\Controller.php(140): CodeIgniter\Validation\Validation->run()
 7 APPPATH\Controllers\Login\Auth.php(25): CodeIgniter\Controller->validate([...])
 8 SYSTEMPATH\CodeIgniter.php(932): App\Controllers\Login\Auth->saveUser()
 9 SYSTEMPATH\CodeIgniter.php(497): CodeIgniter\CodeIgniter->runController(Object(App\Controllers\Login\Auth))
10 SYSTEMPATH\CodeIgniter.php(366): CodeIgniter\CodeIgniter->handleRequest(null, Object(Config\Cache), false)
11 FCPATH\index.php(67): CodeIgniter\CodeIgniter->run()
12 SYSTEMPATH\Commands\Server\rewrite.php(47): require_once('D:\\xampp\\htdocs\\ccs-link\\public\\index.php')
ERROR - 2023-07-06 14:18:58 --> Error connecting to the database: mysqli_sql_exception: Unknown database 'cs-link' in D:\xampp\htdocs\ccs-link\vendor\codeigniter4\framework\system\Database\MySQLi\Connection.php:173
Stack trace:
#0 D:\xampp\htdocs\ccs-link\vendor\codeigniter4\framework\system\Database\MySQLi\Connection.php(173): mysqli->real_connect('localhost', 'root', Object(SensitiveParameterValue), 'cs-link', 3306, '', 0)
#1 D:\xampp\htdocs\ccs-link\vendor\codeigniter4\framework\system\Database\BaseConnection.php(391): CodeIgniter\Database\MySQLi\Connection->connect(false)
#2 D:\xampp\htdocs\ccs-link\vendor\codeigniter4\framework\system\Database\BaseConnection.php(574): CodeIgniter\Database\BaseConnection->initialize()
#3 D:\xampp\htdocs\ccs-link\vendor\codeigniter4\framework\system\Database\BaseBuilder.php(1616): CodeIgniter\Database\BaseConnection->query('SELECT 1\nFROM `...', Array, false)
#4 D:\xampp\htdocs\ccs-link\vendor\codeigniter4\framework\system\Validation\StrictRules\Rules.php(206): CodeIgniter\Database\BaseBuilder->get()
#5 D:\xampp\htdocs\ccs-link\vendor\codeigniter4\framework\system\Validation\Validation.php(278): CodeIgniter\Validation\StrictRules\Rules->is_unique('cigiqom', 'username', Array, NULL, 'username')
#6 D:\xampp\htdocs\ccs-link\vendor\codeigniter4\framework\system\Validation\Validation.php(182): CodeIgniter\Validation\Validation->processRules('username', 'username', 'cigiqom', Array, Array)
#7 D:\xampp\htdocs\ccs-link\vendor\codeigniter4\framework\system\Controller.php(140): CodeIgniter\Validation\Validation->run()
#8 D:\xampp\htdocs\ccs-link\app\Controllers\Login\Auth.php(25): CodeIgniter\Controller->validate(Array)
#9 D:\xampp\htdocs\ccs-link\vendor\codeigniter4\framework\system\CodeIgniter.php(932): App\Controllers\Login\Auth->saveUser()
#10 D:\xampp\htdocs\ccs-link\vendor\codeigniter4\framework\system\CodeIgniter.php(497): CodeIgniter\CodeIgniter->runController(Object(App\Controllers\Login\Auth))
#11 D:\xampp\htdocs\ccs-link\vendor\codeigniter4\framework\system\CodeIgniter.php(366): CodeIgniter\CodeIgniter->handleRequest(NULL, Object(Config\Cache), false)
#12 D:\xampp\htdocs\ccs-link\public\index.php(67): CodeIgniter\CodeIgniter->run()
#13 D:\xampp\htdocs\ccs-link\vendor\codeigniter4\framework\system\Commands\Server\rewrite.php(47): require_once('D:\\xampp\\htdocs...')
#14 {main}

Next CodeIgniter\Database\Exceptions\DatabaseException: Unknown database 'cs-link' in D:\xampp\htdocs\ccs-link\vendor\codeigniter4\framework\system\Database\MySQLi\Connection.php:218
Stack trace:
#0 D:\xampp\htdocs\ccs-link\vendor\codeigniter4\framework\system\Database\BaseConnection.php(391): CodeIgniter\Database\MySQLi\Connection->connect(false)
#1 D:\xampp\htdocs\ccs-link\vendor\codeigniter4\framework\system\Database\BaseConnection.php(574): CodeIgniter\Database\BaseConnection->initialize()
#2 D:\xampp\htdocs\ccs-link\vendor\codeigniter4\framework\system\Database\BaseBuilder.php(1616): CodeIgniter\Database\BaseConnection->query('SELECT 1\nFROM `...', Array, false)
#3 D:\xampp\htdocs\ccs-link\vendor\codeigniter4\framework\system\Validation\StrictRules\Rules.php(206): CodeIgniter\Database\BaseBuilder->get()
#4 D:\xampp\htdocs\ccs-link\vendor\codeigniter4\framework\system\Validation\Validation.php(278): CodeIgniter\Validation\StrictRules\Rules->is_unique('cigiqom', 'username', Array, NULL, 'username')
#5 D:\xampp\htdocs\ccs-link\vendor\codeigniter4\framework\system\Validation\Validation.php(182): CodeIgniter\Validation\Validation->processRules('username', 'username', 'cigiqom', Array, Array)
#6 D:\xampp\htdocs\ccs-link\vendor\codeigniter4\framework\system\Controller.php(140): CodeIgniter\Validation\Validation->run()
#7 D:\xampp\htdocs\ccs-link\app\Controllers\Login\Auth.php(25): CodeIgniter\Controller->validate(Array)
#8 D:\xampp\htdocs\ccs-link\vendor\codeigniter4\framework\system\CodeIgniter.php(932): App\Controllers\Login\Auth->saveUser()
#9 D:\xampp\htdocs\ccs-link\vendor\codeigniter4\framework\system\CodeIgniter.php(497): CodeIgniter\CodeIgniter->runController(Object(App\Controllers\Login\Auth))
#10 D:\xampp\htdocs\ccs-link\vendor\codeigniter4\framework\system\CodeIgniter.php(366): CodeIgniter\CodeIgniter->handleRequest(NULL, Object(Config\Cache), false)
#11 D:\xampp\htdocs\ccs-link\public\index.php(67): CodeIgniter\CodeIgniter->run()
#12 D:\xampp\htdocs\ccs-link\vendor\codeigniter4\framework\system\Commands\Server\rewrite.php(47): require_once('D:\\xampp\\htdocs...')
#13 {main}
CRITICAL - 2023-07-06 14:18:58 --> Unable to connect to the database.
Main connection [MySQLi]: Unknown database 'cs-link'
in SYSTEMPATH\Database\BaseConnection.php on line 427.
 1 SYSTEMPATH\Database\BaseConnection.php(574): CodeIgniter\Database\BaseConnection->initialize()
 2 SYSTEMPATH\Database\BaseBuilder.php(1616): CodeIgniter\Database\BaseConnection->query('SELECT 1
FROM `user`
WHERE `username` = :username:
 LIMIT 1', [...], false)
 3 SYSTEMPATH\Validation\StrictRules\Rules.php(206): CodeIgniter\Database\BaseBuilder->get()
 4 SYSTEMPATH\Validation\Validation.php(278): CodeIgniter\Validation\StrictRules\Rules->is_unique('cigiqom', 'username', [...], null, 'username')
 5 SYSTEMPATH\Validation\Validation.php(182): CodeIgniter\Validation\Validation->processRules('username', 'username', 'cigiqom', [...], [...])
 6 SYSTEMPATH\Controller.php(140): CodeIgniter\Validation\Validation->run()
 7 APPPATH\Controllers\Login\Auth.php(25): CodeIgniter\Controller->validate([...])
 8 SYSTEMPATH\CodeIgniter.php(932): App\Controllers\Login\Auth->saveUser()
 9 SYSTEMPATH\CodeIgniter.php(497): CodeIgniter\CodeIgniter->runController(Object(App\Controllers\Login\Auth))
10 SYSTEMPATH\CodeIgniter.php(366): CodeIgniter\CodeIgniter->handleRequest(null, Object(Config\Cache), false)
11 FCPATH\index.php(67): CodeIgniter\CodeIgniter->run()
12 SYSTEMPATH\Commands\Server\rewrite.php(47): require_once('D:\\xampp\\htdocs\\ccs-link\\public\\index.php')
ERROR - 2023-07-06 14:19:06 --> Error connecting to the database: mysqli_sql_exception: Unknown database 'ccs-link' in D:\xampp\htdocs\ccs-link\vendor\codeigniter4\framework\system\Database\MySQLi\Connection.php:173
Stack trace:
#0 D:\xampp\htdocs\ccs-link\vendor\codeigniter4\framework\system\Database\MySQLi\Connection.php(173): mysqli->real_connect('localhost', 'root', Object(SensitiveParameterValue), 'ccs-link', 3306, '', 0)
#1 D:\xampp\htdocs\ccs-link\vendor\codeigniter4\framework\system\Database\BaseConnection.php(391): CodeIgniter\Database\MySQLi\Connection->connect(false)
#2 D:\xampp\htdocs\ccs-link\vendor\codeigniter4\framework\system\Database\BaseConnection.php(574): CodeIgniter\Database\BaseConnection->initialize()
#3 D:\xampp\htdocs\ccs-link\vendor\codeigniter4\framework\system\Database\BaseBuilder.php(1616): CodeIgniter\Database\BaseConnection->query('SELECT 1\nFROM `...', Array, false)
#4 D:\xampp\htdocs\ccs-link\vendor\codeigniter4\framework\system\Validation\StrictRules\Rules.php(206): CodeIgniter\Database\BaseBuilder->get()
#5 D:\xampp\htdocs\ccs-link\vendor\codeigniter4\framework\system\Validation\Validation.php(278): CodeIgniter\Validation\StrictRules\Rules->is_unique('cigiqom', 'username', Array, NULL, 'username')
#6 D:\xampp\htdocs\ccs-link\vendor\codeigniter4\framework\system\Validation\Validation.php(182): CodeIgniter\Validation\Validation->processRules('username', 'username', 'cigiqom', Array, Array)
#7 D:\xampp\htdocs\ccs-link\vendor\codeigniter4\framework\system\Controller.php(140): CodeIgniter\Validation\Validation->run()
#8 D:\xampp\htdocs\ccs-link\app\Controllers\Login\Auth.php(25): CodeIgniter\Controller->validate(Array)
#9 D:\xampp\htdocs\ccs-link\vendor\codeigniter4\framework\system\CodeIgniter.php(932): App\Controllers\Login\Auth->saveUser()
#10 D:\xampp\htdocs\ccs-link\vendor\codeigniter4\framework\system\CodeIgniter.php(497): CodeIgniter\CodeIgniter->runController(Object(App\Controllers\Login\Auth))
#11 D:\xampp\htdocs\ccs-link\vendor\codeigniter4\framework\system\CodeIgniter.php(366): CodeIgniter\CodeIgniter->handleRequest(NULL, Object(Config\Cache), false)
#12 D:\xampp\htdocs\ccs-link\public\index.php(67): CodeIgniter\CodeIgniter->run()
#13 D:\xampp\htdocs\ccs-link\vendor\codeigniter4\framework\system\Commands\Server\rewrite.php(47): require_once('D:\\xampp\\htdocs...')
#14 {main}

Next CodeIgniter\Database\Exceptions\DatabaseException: Unknown database 'ccs-link' in D:\xampp\htdocs\ccs-link\vendor\codeigniter4\framework\system\Database\MySQLi\Connection.php:218
Stack trace:
#0 D:\xampp\htdocs\ccs-link\vendor\codeigniter4\framework\system\Database\BaseConnection.php(391): CodeIgniter\Database\MySQLi\Connection->connect(false)
#1 D:\xampp\htdocs\ccs-link\vendor\codeigniter4\framework\system\Database\BaseConnection.php(574): CodeIgniter\Database\BaseConnection->initialize()
#2 D:\xampp\htdocs\ccs-link\vendor\codeigniter4\framework\system\Database\BaseBuilder.php(1616): CodeIgniter\Database\BaseConnection->query('SELECT 1\nFROM `...', Array, false)
#3 D:\xampp\htdocs\ccs-link\vendor\codeigniter4\framework\system\Validation\StrictRules\Rules.php(206): CodeIgniter\Database\BaseBuilder->get()
#4 D:\xampp\htdocs\ccs-link\vendor\codeigniter4\framework\system\Validation\Validation.php(278): CodeIgniter\Validation\StrictRules\Rules->is_unique('cigiqom', 'username', Array, NULL, 'username')
#5 D:\xampp\htdocs\ccs-link\vendor\codeigniter4\framework\system\Validation\Validation.php(182): CodeIgniter\Validation\Validation->processRules('username', 'username', 'cigiqom', Array, Array)
#6 D:\xampp\htdocs\ccs-link\vendor\codeigniter4\framework\system\Controller.php(140): CodeIgniter\Validation\Validation->run()
#7 D:\xampp\htdocs\ccs-link\app\Controllers\Login\Auth.php(25): CodeIgniter\Controller->validate(Array)
#8 D:\xampp\htdocs\ccs-link\vendor\codeigniter4\framework\system\CodeIgniter.php(932): App\Controllers\Login\Auth->saveUser()
#9 D:\xampp\htdocs\ccs-link\vendor\codeigniter4\framework\system\CodeIgniter.php(497): CodeIgniter\CodeIgniter->runController(Object(App\Controllers\Login\Auth))
#10 D:\xampp\htdocs\ccs-link\vendor\codeigniter4\framework\system\CodeIgniter.php(366): CodeIgniter\CodeIgniter->handleRequest(NULL, Object(Config\Cache), false)
#11 D:\xampp\htdocs\ccs-link\public\index.php(67): CodeIgniter\CodeIgniter->run()
#12 D:\xampp\htdocs\ccs-link\vendor\codeigniter4\framework\system\Commands\Server\rewrite.php(47): require_once('D:\\xampp\\htdocs...')
#13 {main}
CRITICAL - 2023-07-06 14:19:06 --> Unable to connect to the database.
Main connection [MySQLi]: Unknown database 'ccs-link'
in SYSTEMPATH\Database\BaseConnection.php on line 427.
 1 SYSTEMPATH\Database\BaseConnection.php(574): CodeIgniter\Database\BaseConnection->initialize()
 2 SYSTEMPATH\Database\BaseBuilder.php(1616): CodeIgniter\Database\BaseConnection->query('SELECT 1
FROM `user`
WHERE `username` = :username:
 LIMIT 1', [...], false)
 3 SYSTEMPATH\Validation\StrictRules\Rules.php(206): CodeIgniter\Database\BaseBuilder->get()
 4 SYSTEMPATH\Validation\Validation.php(278): CodeIgniter\Validation\StrictRules\Rules->is_unique('cigiqom', 'username', [...], null, 'username')
 5 SYSTEMPATH\Validation\Validation.php(182): CodeIgniter\Validation\Validation->processRules('username', 'username', 'cigiqom', [...], [...])
 6 SYSTEMPATH\Controller.php(140): CodeIgniter\Validation\Validation->run()
 7 APPPATH\Controllers\Login\Auth.php(25): CodeIgniter\Controller->validate([...])
 8 SYSTEMPATH\CodeIgniter.php(932): App\Controllers\Login\Auth->saveUser()
 9 SYSTEMPATH\CodeIgniter.php(497): CodeIgniter\CodeIgniter->runController(Object(App\Controllers\Login\Auth))
10 SYSTEMPATH\CodeIgniter.php(366): CodeIgniter\CodeIgniter->handleRequest(null, Object(Config\Cache), false)
11 FCPATH\index.php(67): CodeIgniter\CodeIgniter->run()
12 SYSTEMPATH\Commands\Server\rewrite.php(47): require_once('D:\\xampp\\htdocs\\ccs-link\\public\\index.php')
ERROR - 2023-07-06 14:19:50 --> Error connecting to the database: mysqli_sql_exception: No connection could be made because the target machine actively refused it in D:\xampp\htdocs\ccs-link\vendor\codeigniter4\framework\system\Database\MySQLi\Connection.php:173
Stack trace:
#0 D:\xampp\htdocs\ccs-link\vendor\codeigniter4\framework\system\Database\MySQLi\Connection.php(173): mysqli->real_connect('localhost', 'root', Object(SensitiveParameterValue), 'ccs-link', 3306, '', 0)
#1 D:\xampp\htdocs\ccs-link\vendor\codeigniter4\framework\system\Database\BaseConnection.php(391): CodeIgniter\Database\MySQLi\Connection->connect(false)
#2 D:\xampp\htdocs\ccs-link\vendor\codeigniter4\framework\system\Database\BaseConnection.php(574): CodeIgniter\Database\BaseConnection->initialize()
#3 D:\xampp\htdocs\ccs-link\vendor\codeigniter4\framework\system\Database\BaseBuilder.php(1616): CodeIgniter\Database\BaseConnection->query('SELECT 1\nFROM `...', Array, false)
#4 D:\xampp\htdocs\ccs-link\vendor\codeigniter4\framework\system\Validation\StrictRules\Rules.php(206): CodeIgniter\Database\BaseBuilder->get()
#5 D:\xampp\htdocs\ccs-link\vendor\codeigniter4\framework\system\Validation\Validation.php(278): CodeIgniter\Validation\StrictRules\Rules->is_unique('cigiqom', 'username', Array, NULL, 'username')
#6 D:\xampp\htdocs\ccs-link\vendor\codeigniter4\framework\system\Validation\Validation.php(182): CodeIgniter\Validation\Validation->processRules('username', 'username', 'cigiqom', Array, Array)
#7 D:\xampp\htdocs\ccs-link\vendor\codeigniter4\framework\system\Controller.php(140): CodeIgniter\Validation\Validation->run()
#8 D:\xampp\htdocs\ccs-link\app\Controllers\Login\Auth.php(25): CodeIgniter\Controller->validate(Array)
#9 D:\xampp\htdocs\ccs-link\vendor\codeigniter4\framework\system\CodeIgniter.php(932): App\Controllers\Login\Auth->saveUser()
#10 D:\xampp\htdocs\ccs-link\vendor\codeigniter4\framework\system\CodeIgniter.php(497): CodeIgniter\CodeIgniter->runController(Object(App\Controllers\Login\Auth))
#11 D:\xampp\htdocs\ccs-link\vendor\codeigniter4\framework\system\CodeIgniter.php(366): CodeIgniter\CodeIgniter->handleRequest(NULL, Object(Config\Cache), false)
#12 D:\xampp\htdocs\ccs-link\public\index.php(67): CodeIgniter\CodeIgniter->run()
#13 D:\xampp\htdocs\ccs-link\vendor\codeigniter4\framework\system\Commands\Server\rewrite.php(47): require_once('D:\\xampp\\htdocs...')
#14 {main}

Next CodeIgniter\Database\Exceptions\DatabaseException: No connection could be made because the target machine actively refused it in D:\xampp\htdocs\ccs-link\vendor\codeigniter4\framework\system\Database\MySQLi\Connection.php:218
Stack trace:
#0 D:\xampp\htdocs\ccs-link\vendor\codeigniter4\framework\system\Database\BaseConnection.php(391): CodeIgniter\Database\MySQLi\Connection->connect(false)
#1 D:\xampp\htdocs\ccs-link\vendor\codeigniter4\framework\system\Database\BaseConnection.php(574): CodeIgniter\Database\BaseConnection->initialize()
#2 D:\xampp\htdocs\ccs-link\vendor\codeigniter4\framework\system\Database\BaseBuilder.php(1616): CodeIgniter\Database\BaseConnection->query('SELECT 1\nFROM `...', Array, false)
#3 D:\xampp\htdocs\ccs-link\vendor\codeigniter4\framework\system\Validation\StrictRules\Rules.php(206): CodeIgniter\Database\BaseBuilder->get()
#4 D:\xampp\htdocs\ccs-link\vendor\codeigniter4\framework\system\Validation\Validation.php(278): CodeIgniter\Validation\StrictRules\Rules->is_unique('cigiqom', 'username', Array, NULL, 'username')
#5 D:\xampp\htdocs\ccs-link\vendor\codeigniter4\framework\system\Validation\Validation.php(182): CodeIgniter\Validation\Validation->processRules('username', 'username', 'cigiqom', Array, Array)
#6 D:\xampp\htdocs\ccs-link\vendor\codeigniter4\framework\system\Controller.php(140): CodeIgniter\Validation\Validation->run()
#7 D:\xampp\htdocs\ccs-link\app\Controllers\Login\Auth.php(25): CodeIgniter\Controller->validate(Array)
#8 D:\xampp\htdocs\ccs-link\vendor\codeigniter4\framework\system\CodeIgniter.php(932): App\Controllers\Login\Auth->saveUser()
#9 D:\xampp\htdocs\ccs-link\vendor\codeigniter4\framework\system\CodeIgniter.php(497): CodeIgniter\CodeIgniter->runController(Object(App\Controllers\Login\Auth))
#10 D:\xampp\htdocs\ccs-link\vendor\codeigniter4\framework\system\CodeIgniter.php(366): CodeIgniter\CodeIgniter->handleRequest(NULL, Object(Config\Cache), false)
#11 D:\xampp\htdocs\ccs-link\public\index.php(67): CodeIgniter\CodeIgniter->run()
#12 D:\xampp\htdocs\ccs-link\vendor\codeigniter4\framework\system\Commands\Server\rewrite.php(47): require_once('D:\\xampp\\htdocs...')
#13 {main}
CRITICAL - 2023-07-06 14:19:50 --> Unable to connect to the database.
Main connection [MySQLi]: No connection could be made because the target machine actively refused it
in SYSTEMPATH\Database\BaseConnection.php on line 427.
 1 SYSTEMPATH\Database\BaseConnection.php(574): CodeIgniter\Database\BaseConnection->initialize()
 2 SYSTEMPATH\Database\BaseBuilder.php(1616): CodeIgniter\Database\BaseConnection->query('SELECT 1
FROM `user`
WHERE `username` = :username:
 LIMIT 1', [...], false)
 3 SYSTEMPATH\Validation\StrictRules\Rules.php(206): CodeIgniter\Database\BaseBuilder->get()
 4 SYSTEMPATH\Validation\Validation.php(278): CodeIgniter\Validation\StrictRules\Rules->is_unique('cigiqom', 'username', [...], null, 'username')
 5 SYSTEMPATH\Validation\Validation.php(182): CodeIgniter\Validation\Validation->processRules('username', 'username', 'cigiqom', [...], [...])
 6 SYSTEMPATH\Controller.php(140): CodeIgniter\Validation\Validation->run()
 7 APPPATH\Controllers\Login\Auth.php(25): CodeIgniter\Controller->validate([...])
 8 SYSTEMPATH\CodeIgniter.php(932): App\Controllers\Login\Auth->saveUser()
 9 SYSTEMPATH\CodeIgniter.php(497): CodeIgniter\CodeIgniter->runController(Object(App\Controllers\Login\Auth))
10 SYSTEMPATH\CodeIgniter.php(366): CodeIgniter\CodeIgniter->handleRequest(null, Object(Config\Cache), false)
11 FCPATH\index.php(67): CodeIgniter\CodeIgniter->run()
12 SYSTEMPATH\Commands\Server\rewrite.php(47): require_once('D:\\xampp\\htdocs\\ccs-link\\public\\index.php')
ERROR - 2023-07-06 14:20:04 --> Error connecting to the database: mysqli_sql_exception: Unknown database 'ccs-link' in D:\xampp\htdocs\ccs-link\vendor\codeigniter4\framework\system\Database\MySQLi\Connection.php:173
Stack trace:
#0 D:\xampp\htdocs\ccs-link\vendor\codeigniter4\framework\system\Database\MySQLi\Connection.php(173): mysqli->real_connect('localhost', 'root', Object(SensitiveParameterValue), 'ccs-link', 3306, '', 0)
#1 D:\xampp\htdocs\ccs-link\vendor\codeigniter4\framework\system\Database\BaseConnection.php(391): CodeIgniter\Database\MySQLi\Connection->connect(false)
#2 D:\xampp\htdocs\ccs-link\vendor\codeigniter4\framework\system\Database\BaseConnection.php(574): CodeIgniter\Database\BaseConnection->initialize()
#3 D:\xampp\htdocs\ccs-link\vendor\codeigniter4\framework\system\Database\BaseBuilder.php(1616): CodeIgniter\Database\BaseConnection->query('SELECT 1\nFROM `...', Array, false)
#4 D:\xampp\htdocs\ccs-link\vendor\codeigniter4\framework\system\Validation\StrictRules\Rules.php(206): CodeIgniter\Database\BaseBuilder->get()
#5 D:\xampp\htdocs\ccs-link\vendor\codeigniter4\framework\system\Validation\Validation.php(278): CodeIgniter\Validation\StrictRules\Rules->is_unique('cigiqom', 'username', Array, NULL, 'username')
#6 D:\xampp\htdocs\ccs-link\vendor\codeigniter4\framework\system\Validation\Validation.php(182): CodeIgniter\Validation\Validation->processRules('username', 'username', 'cigiqom', Array, Array)
#7 D:\xampp\htdocs\ccs-link\vendor\codeigniter4\framework\system\Controller.php(140): CodeIgniter\Validation\Validation->run()
#8 D:\xampp\htdocs\ccs-link\app\Controllers\Login\Auth.php(25): CodeIgniter\Controller->validate(Array)
#9 D:\xampp\htdocs\ccs-link\vendor\codeigniter4\framework\system\CodeIgniter.php(932): App\Controllers\Login\Auth->saveUser()
#10 D:\xampp\htdocs\ccs-link\vendor\codeigniter4\framework\system\CodeIgniter.php(497): CodeIgniter\CodeIgniter->runController(Object(App\Controllers\Login\Auth))
#11 D:\xampp\htdocs\ccs-link\vendor\codeigniter4\framework\system\CodeIgniter.php(366): CodeIgniter\CodeIgniter->handleRequest(NULL, Object(Config\Cache), false)
#12 D:\xampp\htdocs\ccs-link\public\index.php(67): CodeIgniter\CodeIgniter->run()
#13 D:\xampp\htdocs\ccs-link\vendor\codeigniter4\framework\system\Commands\Server\rewrite.php(47): require_once('D:\\xampp\\htdocs...')
#14 {main}

Next CodeIgniter\Database\Exceptions\DatabaseException: Unknown database 'ccs-link' in D:\xampp\htdocs\ccs-link\vendor\codeigniter4\framework\system\Database\MySQLi\Connection.php:218
Stack trace:
#0 D:\xampp\htdocs\ccs-link\vendor\codeigniter4\framework\system\Database\BaseConnection.php(391): CodeIgniter\Database\MySQLi\Connection->connect(false)
#1 D:\xampp\htdocs\ccs-link\vendor\codeigniter4\framework\system\Database\BaseConnection.php(574): CodeIgniter\Database\BaseConnection->initialize()
#2 D:\xampp\htdocs\ccs-link\vendor\codeigniter4\framework\system\Database\BaseBuilder.php(1616): CodeIgniter\Database\BaseConnection->query('SELECT 1\nFROM `...', Array, false)
#3 D:\xampp\htdocs\ccs-link\vendor\codeigniter4\framework\system\Validation\StrictRules\Rules.php(206): CodeIgniter\Database\BaseBuilder->get()
#4 D:\xampp\htdocs\ccs-link\vendor\codeigniter4\framework\system\Validation\Validation.php(278): CodeIgniter\Validation\StrictRules\Rules->is_unique('cigiqom', 'username', Array, NULL, 'username')
#5 D:\xampp\htdocs\ccs-link\vendor\codeigniter4\framework\system\Validation\Validation.php(182): CodeIgniter\Validation\Validation->processRules('username', 'username', 'cigiqom', Array, Array)
#6 D:\xampp\htdocs\ccs-link\vendor\codeigniter4\framework\system\Controller.php(140): CodeIgniter\Validation\Validation->run()
#7 D:\xampp\htdocs\ccs-link\app\Controllers\Login\Auth.php(25): CodeIgniter\Controller->validate(Array)
#8 D:\xampp\htdocs\ccs-link\vendor\codeigniter4\framework\system\CodeIgniter.php(932): App\Controllers\Login\Auth->saveUser()
#9 D:\xampp\htdocs\ccs-link\vendor\codeigniter4\framework\system\CodeIgniter.php(497): CodeIgniter\CodeIgniter->runController(Object(App\Controllers\Login\Auth))
#10 D:\xampp\htdocs\ccs-link\vendor\codeigniter4\framework\system\CodeIgniter.php(366): CodeIgniter\CodeIgniter->handleRequest(NULL, Object(Config\Cache), false)
#11 D:\xampp\htdocs\ccs-link\public\index.php(67): CodeIgniter\CodeIgniter->run()
#12 D:\xampp\htdocs\ccs-link\vendor\codeigniter4\framework\system\Commands\Server\rewrite.php(47): require_once('D:\\xampp\\htdocs...')
#13 {main}
CRITICAL - 2023-07-06 14:20:04 --> Unable to connect to the database.
Main connection [MySQLi]: Unknown database 'ccs-link'
in SYSTEMPATH\Database\BaseConnection.php on line 427.
 1 SYSTEMPATH\Database\BaseConnection.php(574): CodeIgniter\Database\BaseConnection->initialize()
 2 SYSTEMPATH\Database\BaseBuilder.php(1616): CodeIgniter\Database\BaseConnection->query('SELECT 1
FROM `user`
WHERE `username` = :username:
 LIMIT 1', [...], false)
 3 SYSTEMPATH\Validation\StrictRules\Rules.php(206): CodeIgniter\Database\BaseBuilder->get()
 4 SYSTEMPATH\Validation\Validation.php(278): CodeIgniter\Validation\StrictRules\Rules->is_unique('cigiqom', 'username', [...], null, 'username')
 5 SYSTEMPATH\Validation\Validation.php(182): CodeIgniter\Validation\Validation->processRules('username', 'username', 'cigiqom', [...], [...])
 6 SYSTEMPATH\Controller.php(140): CodeIgniter\Validation\Validation->run()
 7 APPPATH\Controllers\Login\Auth.php(25): CodeIgniter\Controller->validate([...])
 8 SYSTEMPATH\CodeIgniter.php(932): App\Controllers\Login\Auth->saveUser()
 9 SYSTEMPATH\CodeIgniter.php(497): CodeIgniter\CodeIgniter->runController(Object(App\Controllers\Login\Auth))
10 SYSTEMPATH\CodeIgniter.php(366): CodeIgniter\CodeIgniter->handleRequest(null, Object(Config\Cache), false)
11 FCPATH\index.php(67): CodeIgniter\CodeIgniter->run()
12 SYSTEMPATH\Commands\Server\rewrite.php(47): require_once('D:\\xampp\\htdocs\\ccs-link\\public\\index.php')
ERROR - 2023-07-06 14:22:08 --> mysqli_sql_exception: Table 'ccs-link.user' doesn't exist in D:\xampp\htdocs\ccs-link\vendor\codeigniter4\framework\system\Database\MySQLi\Connection.php:295
Stack trace:
#0 D:\xampp\htdocs\ccs-link\vendor\codeigniter4\framework\system\Database\MySQLi\Connection.php(295): mysqli->query('SELECT 1\nFROM `...', 0)
#1 D:\xampp\htdocs\ccs-link\vendor\codeigniter4\framework\system\Database\BaseConnection.php(692): CodeIgniter\Database\MySQLi\Connection->execute('SELECT 1\nFROM `...')
#2 D:\xampp\htdocs\ccs-link\vendor\codeigniter4\framework\system\Database\BaseConnection.php(606): CodeIgniter\Database\BaseConnection->simpleQuery('SELECT 1\nFROM `...')
#3 D:\xampp\htdocs\ccs-link\vendor\codeigniter4\framework\system\Database\BaseBuilder.php(1616): CodeIgniter\Database\BaseConnection->query('SELECT 1\nFROM `...', Array, false)
#4 D:\xampp\htdocs\ccs-link\vendor\codeigniter4\framework\system\Validation\StrictRules\Rules.php(206): CodeIgniter\Database\BaseBuilder->get()
#5 D:\xampp\htdocs\ccs-link\vendor\codeigniter4\framework\system\Validation\Validation.php(278): CodeIgniter\Validation\StrictRules\Rules->is_unique('cigiqom', 'username', Array, NULL, 'username')
#6 D:\xampp\htdocs\ccs-link\vendor\codeigniter4\framework\system\Validation\Validation.php(182): CodeIgniter\Validation\Validation->processRules('username', 'username', 'cigiqom', Array, Array)
#7 D:\xampp\htdocs\ccs-link\vendor\codeigniter4\framework\system\Controller.php(140): CodeIgniter\Validation\Validation->run()
#8 D:\xampp\htdocs\ccs-link\app\Controllers\Login\Auth.php(25): CodeIgniter\Controller->validate(Array)
#9 D:\xampp\htdocs\ccs-link\vendor\codeigniter4\framework\system\CodeIgniter.php(932): App\Controllers\Login\Auth->saveUser()
#10 D:\xampp\htdocs\ccs-link\vendor\codeigniter4\framework\system\CodeIgniter.php(497): CodeIgniter\CodeIgniter->runController(Object(App\Controllers\Login\Auth))
#11 D:\xampp\htdocs\ccs-link\vendor\codeigniter4\framework\system\CodeIgniter.php(366): CodeIgniter\CodeIgniter->handleRequest(NULL, Object(Config\Cache), false)
#12 D:\xampp\htdocs\ccs-link\public\index.php(67): CodeIgniter\CodeIgniter->run()
#13 D:\xampp\htdocs\ccs-link\vendor\codeigniter4\framework\system\Commands\Server\rewrite.php(47): require_once('D:\\xampp\\htdocs...')
#14 {main}
CRITICAL - 2023-07-06 14:22:08 --> Table 'ccs-link.user' doesn't exist
in SYSTEMPATH\Database\MySQLi\Connection.php on line 295.
 1 SYSTEMPATH\Database\MySQLi\Connection.php(295): mysqli->query('SELECT 1
FROM `user`
WHERE `username` = \'cigiqom\'
 LIMIT 1', 0)
 2 SYSTEMPATH\Database\BaseConnection.php(692): CodeIgniter\Database\MySQLi\Connection->execute('SELECT 1
FROM `user`
WHERE `username` = \'cigiqom\'
 LIMIT 1')
 3 SYSTEMPATH\Database\BaseConnection.php(606): CodeIgniter\Database\BaseConnection->simpleQuery('SELECT 1
FROM `user`
WHERE `username` = \'cigiqom\'
 LIMIT 1')
 4 SYSTEMPATH\Database\BaseBuilder.php(1616): CodeIgniter\Database\BaseConnection->query('SELECT 1
FROM `user`
WHERE `username` = :username:
 LIMIT 1', [...], false)
 5 SYSTEMPATH\Validation\StrictRules\Rules.php(206): CodeIgniter\Database\BaseBuilder->get()
 6 SYSTEMPATH\Validation\Validation.php(278): CodeIgniter\Validation\StrictRules\Rules->is_unique('cigiqom', 'username', [...], null, 'username')
 7 SYSTEMPATH\Validation\Validation.php(182): CodeIgniter\Validation\Validation->processRules('username', 'username', 'cigiqom', [...], [...])
 8 SYSTEMPATH\Controller.php(140): CodeIgniter\Validation\Validation->run()
 9 APPPATH\Controllers\Login\Auth.php(25): CodeIgniter\Controller->validate([...])
10 SYSTEMPATH\CodeIgniter.php(932): App\Controllers\Login\Auth->saveUser()
11 SYSTEMPATH\CodeIgniter.php(497): CodeIgniter\CodeIgniter->runController(Object(App\Controllers\Login\Auth))
12 SYSTEMPATH\CodeIgniter.php(366): CodeIgniter\CodeIgniter->handleRequest(null, Object(Config\Cache), false)
13 FCPATH\index.php(67): CodeIgniter\CodeIgniter->run()
14 SYSTEMPATH\Commands\Server\rewrite.php(47): require_once('D:\\xampp\\htdocs\\ccs-link\\public\\index.php')
CRITICAL - 2023-07-06 14:22:28 --> "match" is not a valid rule.
in SYSTEMPATH\Validation\Validation.php on line 286.
 1 SYSTEMPATH\Validation\Validation.php(286): CodeIgniter\Validation\Exceptions\ValidationException::forRuleNotFound('match')
 2 SYSTEMPATH\Validation\Validation.php(182): CodeIgniter\Validation\Validation->processRules('cpassword', 'cpassword', 'qozej', [...], [...])
 3 SYSTEMPATH\Controller.php(140): CodeIgniter\Validation\Validation->run()
 4 APPPATH\Controllers\Login\Auth.php(25): CodeIgniter\Controller->validate([...])
 5 SYSTEMPATH\CodeIgniter.php(932): App\Controllers\Login\Auth->saveUser()
 6 SYSTEMPATH\CodeIgniter.php(497): CodeIgniter\CodeIgniter->runController(Object(App\Controllers\Login\Auth))
 7 SYSTEMPATH\CodeIgniter.php(366): CodeIgniter\CodeIgniter->handleRequest(null, Object(Config\Cache), false)
 8 FCPATH\index.php(67): CodeIgniter\CodeIgniter->run()
 9 SYSTEMPATH\Commands\Server\rewrite.php(47): require_once('D:\\xampp\\htdocs\\ccs-link\\public\\index.php')
